ARM GAS  C:\Users\BIRDs\AppData\Local\Temp\ccQDVh0V.s 			page 1


   1              		.cpu cortex-m4
   2              		.arch armv7e-m
   3              		.fpu fpv4-sp-d16
   4              		.eabi_attribute 27, 1
   5              		.eabi_attribute 28, 1
   6              		.eabi_attribute 20, 1
   7              		.eabi_attribute 21, 1
   8              		.eabi_attribute 23, 3
   9              		.eabi_attribute 24, 1
  10              		.eabi_attribute 25, 1
  11              		.eabi_attribute 26, 1
  12              		.eabi_attribute 30, 1
  13              		.eabi_attribute 34, 1
  14              		.eabi_attribute 18, 4
  15              		.file	"gpio.c"
  16              		.text
  17              	.Ltext0:
  18              		.cfi_sections	.debug_frame
  19              		.file 1 "Core/Src/gpio.c"
  20              		.section	.text.MX_GPIO_Init,"ax",%progbits
  21              		.align	1
  22              		.global	MX_GPIO_Init
  23              		.syntax unified
  24              		.thumb
  25              		.thumb_func
  27              	MX_GPIO_Init:
  28              	.LFB329:
   1:Core/Src/gpio.c **** /* USER CODE BEGIN Header */
   2:Core/Src/gpio.c **** /**
   3:Core/Src/gpio.c ****   ******************************************************************************
   4:Core/Src/gpio.c ****   * @file    gpio.c
   5:Core/Src/gpio.c ****   * @brief   This file provides code for the configuration
   6:Core/Src/gpio.c ****   *          of all used GPIO pins.
   7:Core/Src/gpio.c ****   ******************************************************************************
   8:Core/Src/gpio.c ****   * @attention
   9:Core/Src/gpio.c ****   *
  10:Core/Src/gpio.c ****   * Copyright (c) 2025 STMicroelectronics.
  11:Core/Src/gpio.c ****   * All rights reserved.
  12:Core/Src/gpio.c ****   *
  13:Core/Src/gpio.c ****   * This software is licensed under terms that can be found in the LICENSE file
  14:Core/Src/gpio.c ****   * in the root directory of this software component.
  15:Core/Src/gpio.c ****   * If no LICENSE file comes with this software, it is provided AS-IS.
  16:Core/Src/gpio.c ****   *
  17:Core/Src/gpio.c ****   ******************************************************************************
  18:Core/Src/gpio.c ****   */
  19:Core/Src/gpio.c **** /* USER CODE END Header */
  20:Core/Src/gpio.c **** 
  21:Core/Src/gpio.c **** /* Includes ------------------------------------------------------------------*/
  22:Core/Src/gpio.c **** #include "gpio.h"
  23:Core/Src/gpio.c **** 
  24:Core/Src/gpio.c **** /* USER CODE BEGIN 0 */
  25:Core/Src/gpio.c **** 
  26:Core/Src/gpio.c **** /* USER CODE END 0 */
  27:Core/Src/gpio.c **** 
  28:Core/Src/gpio.c **** /*----------------------------------------------------------------------------*/
  29:Core/Src/gpio.c **** /* Configure GPIO                                                             */
  30:Core/Src/gpio.c **** /*----------------------------------------------------------------------------*/
ARM GAS  C:\Users\BIRDs\AppData\Local\Temp\ccQDVh0V.s 			page 2


  31:Core/Src/gpio.c **** /* USER CODE BEGIN 1 */
  32:Core/Src/gpio.c **** 
  33:Core/Src/gpio.c **** /* USER CODE END 1 */
  34:Core/Src/gpio.c **** 
  35:Core/Src/gpio.c **** /** Configure pins as
  36:Core/Src/gpio.c ****         * Analog
  37:Core/Src/gpio.c ****         * Input
  38:Core/Src/gpio.c ****         * Output
  39:Core/Src/gpio.c ****         * EVENT_OUT
  40:Core/Src/gpio.c ****         * EXTI
  41:Core/Src/gpio.c **** */
  42:Core/Src/gpio.c **** void MX_GPIO_Init(void)
  43:Core/Src/gpio.c **** {
  29              		.loc 1 43 1 view -0
  30              		.cfi_startproc
  31              		@ args = 0, pretend = 0, frame = 40
  32              		@ frame_needed = 0, uses_anonymous_args = 0
  33 0000 70B5     		push	{r4, r5, r6, lr}
  34              	.LCFI0:
  35              		.cfi_def_cfa_offset 16
  36              		.cfi_offset 4, -16
  37              		.cfi_offset 5, -12
  38              		.cfi_offset 6, -8
  39              		.cfi_offset 14, -4
  40 0002 8AB0     		sub	sp, sp, #40
  41              	.LCFI1:
  42              		.cfi_def_cfa_offset 56
  44:Core/Src/gpio.c **** 
  45:Core/Src/gpio.c ****   GPIO_InitTypeDef GPIO_InitStruct = {0};
  43              		.loc 1 45 3 view .LVU1
  44              		.loc 1 45 20 is_stmt 0 view .LVU2
  45 0004 0024     		movs	r4, #0
  46 0006 0594     		str	r4, [sp, #20]
  47 0008 0694     		str	r4, [sp, #24]
  48 000a 0794     		str	r4, [sp, #28]
  49 000c 0894     		str	r4, [sp, #32]
  50 000e 0994     		str	r4, [sp, #36]
  46:Core/Src/gpio.c **** 
  47:Core/Src/gpio.c ****   /* GPIO Ports Clock Enable */
  48:Core/Src/gpio.c ****   __HAL_RCC_GPIOF_CLK_ENABLE();
  51              		.loc 1 48 3 is_stmt 1 view .LVU3
  52              	.LBB2:
  53              		.loc 1 48 3 view .LVU4
  54              		.loc 1 48 3 view .LVU5
  55 0010 314B     		ldr	r3, .L3
  56 0012 DA6C     		ldr	r2, [r3, #76]
  57 0014 42F02002 		orr	r2, r2, #32
  58 0018 DA64     		str	r2, [r3, #76]
  59              		.loc 1 48 3 view .LVU6
  60 001a DA6C     		ldr	r2, [r3, #76]
  61 001c 02F02002 		and	r2, r2, #32
  62 0020 0192     		str	r2, [sp, #4]
  63              		.loc 1 48 3 view .LVU7
  64 0022 019A     		ldr	r2, [sp, #4]
  65              	.LBE2:
  66              		.loc 1 48 3 view .LVU8
  49:Core/Src/gpio.c ****   __HAL_RCC_GPIOC_CLK_ENABLE();
ARM GAS  C:\Users\BIRDs\AppData\Local\Temp\ccQDVh0V.s 			page 3


  67              		.loc 1 49 3 view .LVU9
  68              	.LBB3:
  69              		.loc 1 49 3 view .LVU10
  70              		.loc 1 49 3 view .LVU11
  71 0024 DA6C     		ldr	r2, [r3, #76]
  72 0026 42F00402 		orr	r2, r2, #4
  73 002a DA64     		str	r2, [r3, #76]
  74              		.loc 1 49 3 view .LVU12
  75 002c DA6C     		ldr	r2, [r3, #76]
  76 002e 02F00402 		and	r2, r2, #4
  77 0032 0292     		str	r2, [sp, #8]
  78              		.loc 1 49 3 view .LVU13
  79 0034 029A     		ldr	r2, [sp, #8]
  80              	.LBE3:
  81              		.loc 1 49 3 view .LVU14
  50:Core/Src/gpio.c ****   __HAL_RCC_GPIOA_CLK_ENABLE();
  82              		.loc 1 50 3 view .LVU15
  83              	.LBB4:
  84              		.loc 1 50 3 view .LVU16
  85              		.loc 1 50 3 view .LVU17
  86 0036 DA6C     		ldr	r2, [r3, #76]
  87 0038 42F00102 		orr	r2, r2, #1
  88 003c DA64     		str	r2, [r3, #76]
  89              		.loc 1 50 3 view .LVU18
  90 003e DA6C     		ldr	r2, [r3, #76]
  91 0040 02F00102 		and	r2, r2, #1
  92 0044 0392     		str	r2, [sp, #12]
  93              		.loc 1 50 3 view .LVU19
  94 0046 039A     		ldr	r2, [sp, #12]
  95              	.LBE4:
  96              		.loc 1 50 3 view .LVU20
  51:Core/Src/gpio.c ****   __HAL_RCC_GPIOB_CLK_ENABLE();
  97              		.loc 1 51 3 view .LVU21
  98              	.LBB5:
  99              		.loc 1 51 3 view .LVU22
 100              		.loc 1 51 3 view .LVU23
 101 0048 DA6C     		ldr	r2, [r3, #76]
 102 004a 42F00202 		orr	r2, r2, #2
 103 004e DA64     		str	r2, [r3, #76]
 104              		.loc 1 51 3 view .LVU24
 105 0050 DB6C     		ldr	r3, [r3, #76]
 106 0052 03F00203 		and	r3, r3, #2
 107 0056 0493     		str	r3, [sp, #16]
 108              		.loc 1 51 3 view .LVU25
 109 0058 049B     		ldr	r3, [sp, #16]
 110              	.LBE5:
 111              		.loc 1 51 3 view .LVU26
  52:Core/Src/gpio.c **** 
  53:Core/Src/gpio.c ****   /*Configure GPIO pin Output Level */
  54:Core/Src/gpio.c ****   HAL_GPIO_WritePin(GPIOA, LCD_DC_Pin|LCD_BLK_Pin, GPIO_PIN_RESET);
 112              		.loc 1 54 3 view .LVU27
 113 005a 2246     		mov	r2, r4
 114 005c 4FF4A071 		mov	r1, #320
 115 0060 4FF09040 		mov	r0, #1207959552
 116 0064 FFF7FEFF 		bl	HAL_GPIO_WritePin
 117              	.LVL0:
  55:Core/Src/gpio.c **** 
ARM GAS  C:\Users\BIRDs\AppData\Local\Temp\ccQDVh0V.s 			page 4


  56:Core/Src/gpio.c ****   /*Configure GPIO pin Output Level */
  57:Core/Src/gpio.c ****   HAL_GPIO_WritePin(GPIOC, LCD_CS_Pin|GPIO_PIN_6|LCD_RST_Pin, GPIO_PIN_RESET);
 118              		.loc 1 57 3 view .LVU28
 119 0068 1C4E     		ldr	r6, .L3+4
 120 006a 2246     		mov	r2, r4
 121 006c 4FF40561 		mov	r1, #2128
 122 0070 3046     		mov	r0, r6
 123 0072 FFF7FEFF 		bl	HAL_GPIO_WritePin
 124              	.LVL1:
  58:Core/Src/gpio.c **** 
  59:Core/Src/gpio.c ****   /*Configure GPIO pin : PC3 */
  60:Core/Src/gpio.c ****   GPIO_InitStruct.Pin = GPIO_PIN_3;
 125              		.loc 1 60 3 view .LVU29
 126              		.loc 1 60 23 is_stmt 0 view .LVU30
 127 0076 0823     		movs	r3, #8
 128 0078 0593     		str	r3, [sp, #20]
  61:Core/Src/gpio.c ****   GPIO_InitStruct.Mode = GPIO_MODE_INPUT;
 129              		.loc 1 61 3 is_stmt 1 view .LVU31
 130              		.loc 1 61 24 is_stmt 0 view .LVU32
 131 007a 0694     		str	r4, [sp, #24]
  62:Core/Src/gpio.c ****   GPIO_InitStruct.Pull = GPIO_PULLUP;
 132              		.loc 1 62 3 is_stmt 1 view .LVU33
 133              		.loc 1 62 24 is_stmt 0 view .LVU34
 134 007c 0125     		movs	r5, #1
 135 007e 0795     		str	r5, [sp, #28]
  63:Core/Src/gpio.c ****   HAL_GPIO_Init(GPIOC, &GPIO_InitStruct);
 136              		.loc 1 63 3 is_stmt 1 view .LVU35
 137 0080 05A9     		add	r1, sp, #20
 138 0082 3046     		mov	r0, r6
 139 0084 FFF7FEFF 		bl	HAL_GPIO_Init
 140              	.LVL2:
  64:Core/Src/gpio.c **** 
  65:Core/Src/gpio.c ****   /*Configure GPIO pin : PA0 */
  66:Core/Src/gpio.c ****   GPIO_InitStruct.Pin = GPIO_PIN_0;
 141              		.loc 1 66 3 view .LVU36
 142              		.loc 1 66 23 is_stmt 0 view .LVU37
 143 0088 0595     		str	r5, [sp, #20]
  67:Core/Src/gpio.c ****   GPIO_InitStruct.Mode = GPIO_MODE_INPUT;
 144              		.loc 1 67 3 is_stmt 1 view .LVU38
 145              		.loc 1 67 24 is_stmt 0 view .LVU39
 146 008a 0694     		str	r4, [sp, #24]
  68:Core/Src/gpio.c ****   GPIO_InitStruct.Pull = GPIO_PULLUP;
 147              		.loc 1 68 3 is_stmt 1 view .LVU40
 148              		.loc 1 68 24 is_stmt 0 view .LVU41
 149 008c 0795     		str	r5, [sp, #28]
  69:Core/Src/gpio.c ****   HAL_GPIO_Init(GPIOA, &GPIO_InitStruct);
 150              		.loc 1 69 3 is_stmt 1 view .LVU42
 151 008e 05A9     		add	r1, sp, #20
 152 0090 4FF09040 		mov	r0, #1207959552
 153 0094 FFF7FEFF 		bl	HAL_GPIO_Init
 154              	.LVL3:
  70:Core/Src/gpio.c **** 
  71:Core/Src/gpio.c ****   /*Configure GPIO pins : PAPin PAPin */
  72:Core/Src/gpio.c ****   GPIO_InitStruct.Pin = LCD_DC_Pin|LCD_BLK_Pin;
 155              		.loc 1 72 3 view .LVU43
 156              		.loc 1 72 23 is_stmt 0 view .LVU44
 157 0098 4FF4A073 		mov	r3, #320
ARM GAS  C:\Users\BIRDs\AppData\Local\Temp\ccQDVh0V.s 			page 5


 158 009c 0593     		str	r3, [sp, #20]
  73:Core/Src/gpio.c ****   GPIO_InitStruct.Mode = GPIO_MODE_OUTPUT_PP;
 159              		.loc 1 73 3 is_stmt 1 view .LVU45
 160              		.loc 1 73 24 is_stmt 0 view .LVU46
 161 009e 0695     		str	r5, [sp, #24]
  74:Core/Src/gpio.c ****   GPIO_InitStruct.Pull = GPIO_NOPULL;
 162              		.loc 1 74 3 is_stmt 1 view .LVU47
 163              		.loc 1 74 24 is_stmt 0 view .LVU48
 164 00a0 0794     		str	r4, [sp, #28]
  75:Core/Src/gpio.c ****   GPIO_InitStruct.Speed = GPIO_SPEED_FREQ_LOW;
 165              		.loc 1 75 3 is_stmt 1 view .LVU49
 166              		.loc 1 75 25 is_stmt 0 view .LVU50
 167 00a2 0894     		str	r4, [sp, #32]
  76:Core/Src/gpio.c ****   HAL_GPIO_Init(GPIOA, &GPIO_InitStruct);
 168              		.loc 1 76 3 is_stmt 1 view .LVU51
 169 00a4 05A9     		add	r1, sp, #20
 170 00a6 4FF09040 		mov	r0, #1207959552
 171 00aa FFF7FEFF 		bl	HAL_GPIO_Init
 172              	.LVL4:
  77:Core/Src/gpio.c **** 
  78:Core/Src/gpio.c ****   /*Configure GPIO pins : PCPin PC6 PCPin */
  79:Core/Src/gpio.c ****   GPIO_InitStruct.Pin = LCD_CS_Pin|GPIO_PIN_6|LCD_RST_Pin;
 173              		.loc 1 79 3 view .LVU52
 174              		.loc 1 79 23 is_stmt 0 view .LVU53
 175 00ae 4FF40563 		mov	r3, #2128
 176 00b2 0593     		str	r3, [sp, #20]
  80:Core/Src/gpio.c ****   GPIO_InitStruct.Mode = GPIO_MODE_OUTPUT_PP;
 177              		.loc 1 80 3 is_stmt 1 view .LVU54
 178              		.loc 1 80 24 is_stmt 0 view .LVU55
 179 00b4 0695     		str	r5, [sp, #24]
  81:Core/Src/gpio.c ****   GPIO_InitStruct.Pull = GPIO_NOPULL;
 180              		.loc 1 81 3 is_stmt 1 view .LVU56
 181              		.loc 1 81 24 is_stmt 0 view .LVU57
 182 00b6 0794     		str	r4, [sp, #28]
  82:Core/Src/gpio.c ****   GPIO_InitStruct.Speed = GPIO_SPEED_FREQ_LOW;
 183              		.loc 1 82 3 is_stmt 1 view .LVU58
 184              		.loc 1 82 25 is_stmt 0 view .LVU59
 185 00b8 0894     		str	r4, [sp, #32]
  83:Core/Src/gpio.c ****   HAL_GPIO_Init(GPIOC, &GPIO_InitStruct);
 186              		.loc 1 83 3 is_stmt 1 view .LVU60
 187 00ba 05A9     		add	r1, sp, #20
 188 00bc 3046     		mov	r0, r6
 189 00be FFF7FEFF 		bl	HAL_GPIO_Init
 190              	.LVL5:
  84:Core/Src/gpio.c **** 
  85:Core/Src/gpio.c ****   /*Configure GPIO pins : PB0 PB1 PB2 */
  86:Core/Src/gpio.c ****   GPIO_InitStruct.Pin = GPIO_PIN_0|GPIO_PIN_1|GPIO_PIN_2;
 191              		.loc 1 86 3 view .LVU61
 192              		.loc 1 86 23 is_stmt 0 view .LVU62
 193 00c2 0723     		movs	r3, #7
 194 00c4 0593     		str	r3, [sp, #20]
  87:Core/Src/gpio.c ****   GPIO_InitStruct.Mode = GPIO_MODE_INPUT;
 195              		.loc 1 87 3 is_stmt 1 view .LVU63
 196              		.loc 1 87 24 is_stmt 0 view .LVU64
 197 00c6 0694     		str	r4, [sp, #24]
  88:Core/Src/gpio.c ****   GPIO_InitStruct.Pull = GPIO_PULLUP;
 198              		.loc 1 88 3 is_stmt 1 view .LVU65
ARM GAS  C:\Users\BIRDs\AppData\Local\Temp\ccQDVh0V.s 			page 6


 199              		.loc 1 88 24 is_stmt 0 view .LVU66
 200 00c8 0795     		str	r5, [sp, #28]
  89:Core/Src/gpio.c ****   HAL_GPIO_Init(GPIOB, &GPIO_InitStruct);
 201              		.loc 1 89 3 is_stmt 1 view .LVU67
 202 00ca 05A9     		add	r1, sp, #20
 203 00cc 0448     		ldr	r0, .L3+8
 204 00ce FFF7FEFF 		bl	HAL_GPIO_Init
 205              	.LVL6:
  90:Core/Src/gpio.c **** 
  91:Core/Src/gpio.c **** }
 206              		.loc 1 91 1 is_stmt 0 view .LVU68
 207 00d2 0AB0     		add	sp, sp, #40
 208              	.LCFI2:
 209              		.cfi_def_cfa_offset 16
 210              		@ sp needed
 211 00d4 70BD     		pop	{r4, r5, r6, pc}
 212              	.L4:
 213 00d6 00BF     		.align	2
 214              	.L3:
 215 00d8 00100240 		.word	1073876992
 216 00dc 00080048 		.word	1207961600
 217 00e0 00040048 		.word	1207960576
 218              		.cfi_endproc
 219              	.LFE329:
 221              		.text
 222              	.Letext0:
 223              		.file 2 "E:/VSCODE_TOOL/Arm_gnu/13.3 rel1/arm-none-eabi/include/machine/_default_types.h"
 224              		.file 3 "E:/VSCODE_TOOL/Arm_gnu/13.3 rel1/arm-none-eabi/include/sys/_stdint.h"
 225              		.file 4 "Drivers/CMSIS/Device/ST/STM32G4xx/Include/stm32g431xx.h"
 226              		.file 5 "Drivers/STM32G4xx_HAL_Driver/Inc/stm32g4xx_hal_gpio.h"
ARM GAS  C:\Users\BIRDs\AppData\Local\Temp\ccQDVh0V.s 			page 7


DEFINED SYMBOLS
                            *ABS*:00000000 gpio.c
C:\Users\BIRDs\AppData\Local\Temp\ccQDVh0V.s:21     .text.MX_GPIO_Init:00000000 $t
C:\Users\BIRDs\AppData\Local\Temp\ccQDVh0V.s:27     .text.MX_GPIO_Init:00000000 MX_GPIO_Init
C:\Users\BIRDs\AppData\Local\Temp\ccQDVh0V.s:215    .text.MX_GPIO_Init:000000d8 $d

UNDEFINED SYMBOLS
HAL_GPIO_WritePin
HAL_GPIO_Init
