ARM GAS  C:\Users\BIRDs\AppData\Local\Temp\ccU7bPZe.s 			page 1


   1              		.cpu cortex-m4
   2              		.arch armv7e-m
   3              		.fpu fpv4-sp-d16
   4              		.eabi_attribute 27, 1
   5              		.eabi_attribute 28, 1
   6              		.eabi_attribute 20, 1
   7              		.eabi_attribute 21, 1
   8              		.eabi_attribute 23, 3
   9              		.eabi_attribute 24, 1
  10              		.eabi_attribute 25, 1
  11              		.eabi_attribute 26, 1
  12              		.eabi_attribute 30, 1
  13              		.eabi_attribute 34, 1
  14              		.eabi_attribute 18, 4
  15              		.file	"tim.c"
  16              		.text
  17              	.Ltext0:
  18              		.cfi_sections	.debug_frame
  19              		.file 1 "Core/Src/tim.c"
  20              		.section	.text.MX_TIM7_Init,"ax",%progbits
  21              		.align	1
  22              		.global	MX_TIM7_Init
  23              		.syntax unified
  24              		.thumb
  25              		.thumb_func
  27              	MX_TIM7_Init:
  28              	.LFB331:
   1:Core/Src/tim.c **** /* USER CODE BEGIN Header */
   2:Core/Src/tim.c **** /**
   3:Core/Src/tim.c ****   ******************************************************************************
   4:Core/Src/tim.c ****   * @file    tim.c
   5:Core/Src/tim.c ****   * @brief   This file provides code for the configuration
   6:Core/Src/tim.c ****   *          of the TIM instances.
   7:Core/Src/tim.c ****   ******************************************************************************
   8:Core/Src/tim.c ****   * @attention
   9:Core/Src/tim.c ****   *
  10:Core/Src/tim.c ****   * Copyright (c) 2025 STMicroelectronics.
  11:Core/Src/tim.c ****   * All rights reserved.
  12:Core/Src/tim.c ****   *
  13:Core/Src/tim.c ****   * This software is licensed under terms that can be found in the LICENSE file
  14:Core/Src/tim.c ****   * in the root directory of this software component.
  15:Core/Src/tim.c ****   * If no LICENSE file comes with this software, it is provided AS-IS.
  16:Core/Src/tim.c ****   *
  17:Core/Src/tim.c ****   ******************************************************************************
  18:Core/Src/tim.c ****   */
  19:Core/Src/tim.c **** /* USER CODE END Header */
  20:Core/Src/tim.c **** /* Includes ------------------------------------------------------------------*/
  21:Core/Src/tim.c **** #include "tim.h"
  22:Core/Src/tim.c **** 
  23:Core/Src/tim.c **** /* USER CODE BEGIN 0 */
  24:Core/Src/tim.c **** 
  25:Core/Src/tim.c **** /* USER CODE END 0 */
  26:Core/Src/tim.c **** 
  27:Core/Src/tim.c **** TIM_HandleTypeDef htim2;
  28:Core/Src/tim.c **** TIM_HandleTypeDef htim3;
  29:Core/Src/tim.c **** TIM_HandleTypeDef htim7;
  30:Core/Src/tim.c **** 
ARM GAS  C:\Users\BIRDs\AppData\Local\Temp\ccU7bPZe.s 			page 2


  31:Core/Src/tim.c **** /* TIM2 init function */
  32:Core/Src/tim.c **** void MX_TIM2_Init(void)
  33:Core/Src/tim.c **** {
  34:Core/Src/tim.c **** 
  35:Core/Src/tim.c ****   /* USER CODE BEGIN TIM2_Init 0 */
  36:Core/Src/tim.c **** 
  37:Core/Src/tim.c ****   /* USER CODE END TIM2_Init 0 */
  38:Core/Src/tim.c **** 
  39:Core/Src/tim.c ****   TIM_MasterConfigTypeDef sMasterConfig = {0};
  40:Core/Src/tim.c ****   TIM_OC_InitTypeDef sConfigOC = {0};
  41:Core/Src/tim.c **** 
  42:Core/Src/tim.c ****   /* USER CODE BEGIN TIM2_Init 1 */
  43:Core/Src/tim.c **** 
  44:Core/Src/tim.c ****   /* USER CODE END TIM2_Init 1 */
  45:Core/Src/tim.c ****   htim2.Instance = TIM2;
  46:Core/Src/tim.c ****   htim2.Init.Prescaler = 0;
  47:Core/Src/tim.c ****   htim2.Init.CounterMode = TIM_COUNTERMODE_UP;
  48:Core/Src/tim.c ****   htim2.Init.Period = 4294967295;
  49:Core/Src/tim.c ****   htim2.Init.ClockDivision = TIM_CLOCKDIVISION_DIV1;
  50:Core/Src/tim.c ****   htim2.Init.AutoReloadPreload = TIM_AUTORELOAD_PRELOAD_DISABLE;
  51:Core/Src/tim.c ****   if (HAL_TIM_PWM_Init(&htim2) != HAL_OK)
  52:Core/Src/tim.c ****   {
  53:Core/Src/tim.c ****     Error_Handler();
  54:Core/Src/tim.c ****   }
  55:Core/Src/tim.c ****   sMasterConfig.MasterOutputTrigger = TIM_TRGO_RESET;
  56:Core/Src/tim.c ****   sMasterConfig.MasterSlaveMode = TIM_MASTERSLAVEMODE_DISABLE;
  57:Core/Src/tim.c ****   if (HAL_TIMEx_MasterConfigSynchronization(&htim2, &sMasterConfig) != HAL_OK)
  58:Core/Src/tim.c ****   {
  59:Core/Src/tim.c ****     Error_Handler();
  60:Core/Src/tim.c ****   }
  61:Core/Src/tim.c ****   sConfigOC.OCMode = TIM_OCMODE_PWM1;
  62:Core/Src/tim.c ****   sConfigOC.Pulse = 0;
  63:Core/Src/tim.c ****   sConfigOC.OCPolarity = TIM_OCPOLARITY_HIGH;
  64:Core/Src/tim.c ****   sConfigOC.OCFastMode = TIM_OCFAST_DISABLE;
  65:Core/Src/tim.c ****   if (HAL_TIM_PWM_ConfigChannel(&htim2, &sConfigOC, TIM_CHANNEL_2) != HAL_OK)
  66:Core/Src/tim.c ****   {
  67:Core/Src/tim.c ****     Error_Handler();
  68:Core/Src/tim.c ****   }
  69:Core/Src/tim.c ****   /* USER CODE BEGIN TIM2_Init 2 */
  70:Core/Src/tim.c **** 
  71:Core/Src/tim.c ****   /* USER CODE END TIM2_Init 2 */
  72:Core/Src/tim.c ****   HAL_TIM_MspPostInit(&htim2);
  73:Core/Src/tim.c **** 
  74:Core/Src/tim.c **** }
  75:Core/Src/tim.c **** /* TIM3 init function */
  76:Core/Src/tim.c **** void MX_TIM3_Init(void)
  77:Core/Src/tim.c **** {
  78:Core/Src/tim.c **** 
  79:Core/Src/tim.c ****   /* USER CODE BEGIN TIM3_Init 0 */
  80:Core/Src/tim.c **** 
  81:Core/Src/tim.c ****   /* USER CODE END TIM3_Init 0 */
  82:Core/Src/tim.c **** 
  83:Core/Src/tim.c ****   TIM_MasterConfigTypeDef sMasterConfig = {0};
  84:Core/Src/tim.c ****   TIM_OC_InitTypeDef sConfigOC = {0};
  85:Core/Src/tim.c **** 
  86:Core/Src/tim.c ****   /* USER CODE BEGIN TIM3_Init 1 */
  87:Core/Src/tim.c **** 
ARM GAS  C:\Users\BIRDs\AppData\Local\Temp\ccU7bPZe.s 			page 3


  88:Core/Src/tim.c ****   /* USER CODE END TIM3_Init 1 */
  89:Core/Src/tim.c ****   htim3.Instance = TIM3;
  90:Core/Src/tim.c ****   htim3.Init.Prescaler = 8000-1;
  91:Core/Src/tim.c ****   htim3.Init.CounterMode = TIM_COUNTERMODE_UP;
  92:Core/Src/tim.c ****   htim3.Init.Period = 99;
  93:Core/Src/tim.c ****   htim3.Init.ClockDivision = TIM_CLOCKDIVISION_DIV1;
  94:Core/Src/tim.c ****   htim3.Init.AutoReloadPreload = TIM_AUTORELOAD_PRELOAD_DISABLE;
  95:Core/Src/tim.c ****   if (HAL_TIM_PWM_Init(&htim3) != HAL_OK)
  96:Core/Src/tim.c ****   {
  97:Core/Src/tim.c ****     Error_Handler();
  98:Core/Src/tim.c ****   }
  99:Core/Src/tim.c ****   sMasterConfig.MasterOutputTrigger = TIM_TRGO_RESET;
 100:Core/Src/tim.c ****   sMasterConfig.MasterSlaveMode = TIM_MASTERSLAVEMODE_DISABLE;
 101:Core/Src/tim.c ****   if (HAL_TIMEx_MasterConfigSynchronization(&htim3, &sMasterConfig) != HAL_OK)
 102:Core/Src/tim.c ****   {
 103:Core/Src/tim.c ****     Error_Handler();
 104:Core/Src/tim.c ****   }
 105:Core/Src/tim.c ****   sConfigOC.OCMode = TIM_OCMODE_PWM1;
 106:Core/Src/tim.c ****   sConfigOC.Pulse = 0;
 107:Core/Src/tim.c ****   sConfigOC.OCPolarity = TIM_OCPOLARITY_HIGH;
 108:Core/Src/tim.c ****   sConfigOC.OCFastMode = TIM_OCFAST_DISABLE;
 109:Core/Src/tim.c ****   if (HAL_TIM_PWM_ConfigChannel(&htim3, &sConfigOC, TIM_CHANNEL_1) != HAL_OK)
 110:Core/Src/tim.c ****   {
 111:Core/Src/tim.c ****     Error_Handler();
 112:Core/Src/tim.c ****   }
 113:Core/Src/tim.c ****   if (HAL_TIM_PWM_ConfigChannel(&htim3, &sConfigOC, TIM_CHANNEL_2) != HAL_OK)
 114:Core/Src/tim.c ****   {
 115:Core/Src/tim.c ****     Error_Handler();
 116:Core/Src/tim.c ****   }
 117:Core/Src/tim.c ****   if (HAL_TIM_PWM_ConfigChannel(&htim3, &sConfigOC, TIM_CHANNEL_3) != HAL_OK)
 118:Core/Src/tim.c ****   {
 119:Core/Src/tim.c ****     Error_Handler();
 120:Core/Src/tim.c ****   }
 121:Core/Src/tim.c ****   if (HAL_TIM_PWM_ConfigChannel(&htim3, &sConfigOC, TIM_CHANNEL_4) != HAL_OK)
 122:Core/Src/tim.c ****   {
 123:Core/Src/tim.c ****     Error_Handler();
 124:Core/Src/tim.c ****   }
 125:Core/Src/tim.c ****   /* USER CODE BEGIN TIM3_Init 2 */
 126:Core/Src/tim.c **** 
 127:Core/Src/tim.c ****   /* USER CODE END TIM3_Init 2 */
 128:Core/Src/tim.c ****   HAL_TIM_MspPostInit(&htim3);
 129:Core/Src/tim.c **** 
 130:Core/Src/tim.c **** }
 131:Core/Src/tim.c **** /* TIM7 init function */
 132:Core/Src/tim.c **** void MX_TIM7_Init(void)
 133:Core/Src/tim.c **** {
  29              		.loc 1 133 1 view -0
  30              		.cfi_startproc
  31              		@ args = 0, pretend = 0, frame = 16
  32              		@ frame_needed = 0, uses_anonymous_args = 0
  33 0000 00B5     		push	{lr}
  34              	.LCFI0:
  35              		.cfi_def_cfa_offset 4
  36              		.cfi_offset 14, -4
  37 0002 85B0     		sub	sp, sp, #20
  38              	.LCFI1:
  39              		.cfi_def_cfa_offset 24
ARM GAS  C:\Users\BIRDs\AppData\Local\Temp\ccU7bPZe.s 			page 4


 134:Core/Src/tim.c **** 
 135:Core/Src/tim.c ****   /* USER CODE BEGIN TIM7_Init 0 */
 136:Core/Src/tim.c **** 
 137:Core/Src/tim.c ****   /* USER CODE END TIM7_Init 0 */
 138:Core/Src/tim.c **** 
 139:Core/Src/tim.c ****   TIM_MasterConfigTypeDef sMasterConfig = {0};
  40              		.loc 1 139 3 view .LVU1
  41              		.loc 1 139 27 is_stmt 0 view .LVU2
  42 0004 0023     		movs	r3, #0
  43 0006 0193     		str	r3, [sp, #4]
  44 0008 0293     		str	r3, [sp, #8]
  45 000a 0393     		str	r3, [sp, #12]
 140:Core/Src/tim.c **** 
 141:Core/Src/tim.c ****   /* USER CODE BEGIN TIM7_Init 1 */
 142:Core/Src/tim.c **** 
 143:Core/Src/tim.c ****   /* USER CODE END TIM7_Init 1 */
 144:Core/Src/tim.c ****   htim7.Instance = TIM7;
  46              		.loc 1 144 3 is_stmt 1 view .LVU3
  47              		.loc 1 144 18 is_stmt 0 view .LVU4
  48 000c 0E48     		ldr	r0, .L7
  49 000e 0F4A     		ldr	r2, .L7+4
  50 0010 0260     		str	r2, [r0]
 145:Core/Src/tim.c ****   htim7.Init.Prescaler = 9000-1;
  51              		.loc 1 145 3 is_stmt 1 view .LVU5
  52              		.loc 1 145 24 is_stmt 0 view .LVU6
  53 0012 42F22732 		movw	r2, #8999
  54 0016 4260     		str	r2, [r0, #4]
 146:Core/Src/tim.c ****   htim7.Init.CounterMode = TIM_COUNTERMODE_UP;
  55              		.loc 1 146 3 is_stmt 1 view .LVU7
  56              		.loc 1 146 26 is_stmt 0 view .LVU8
  57 0018 8360     		str	r3, [r0, #8]
 147:Core/Src/tim.c ****   htim7.Init.Period = 49;
  58              		.loc 1 147 3 is_stmt 1 view .LVU9
  59              		.loc 1 147 21 is_stmt 0 view .LVU10
  60 001a 3122     		movs	r2, #49
  61 001c C260     		str	r2, [r0, #12]
 148:Core/Src/tim.c ****   htim7.Init.AutoReloadPreload = TIM_AUTORELOAD_PRELOAD_DISABLE;
  62              		.loc 1 148 3 is_stmt 1 view .LVU11
  63              		.loc 1 148 32 is_stmt 0 view .LVU12
  64 001e 8361     		str	r3, [r0, #24]
 149:Core/Src/tim.c ****   if (HAL_TIM_Base_Init(&htim7) != HAL_OK)
  65              		.loc 1 149 3 is_stmt 1 view .LVU13
  66              		.loc 1 149 7 is_stmt 0 view .LVU14
  67 0020 FFF7FEFF 		bl	HAL_TIM_Base_Init
  68              	.LVL0:
  69              		.loc 1 149 6 discriminator 1 view .LVU15
  70 0024 50B9     		cbnz	r0, .L5
  71              	.L2:
 150:Core/Src/tim.c ****   {
 151:Core/Src/tim.c ****     Error_Handler();
 152:Core/Src/tim.c ****   }
 153:Core/Src/tim.c ****   sMasterConfig.MasterOutputTrigger = TIM_TRGO_RESET;
  72              		.loc 1 153 3 is_stmt 1 view .LVU16
  73              		.loc 1 153 37 is_stmt 0 view .LVU17
  74 0026 0023     		movs	r3, #0
  75 0028 0193     		str	r3, [sp, #4]
 154:Core/Src/tim.c ****   sMasterConfig.MasterSlaveMode = TIM_MASTERSLAVEMODE_DISABLE;
ARM GAS  C:\Users\BIRDs\AppData\Local\Temp\ccU7bPZe.s 			page 5


  76              		.loc 1 154 3 is_stmt 1 view .LVU18
  77              		.loc 1 154 33 is_stmt 0 view .LVU19
  78 002a 0393     		str	r3, [sp, #12]
 155:Core/Src/tim.c ****   if (HAL_TIMEx_MasterConfigSynchronization(&htim7, &sMasterConfig) != HAL_OK)
  79              		.loc 1 155 3 is_stmt 1 view .LVU20
  80              		.loc 1 155 7 is_stmt 0 view .LVU21
  81 002c 01A9     		add	r1, sp, #4
  82 002e 0648     		ldr	r0, .L7
  83 0030 FFF7FEFF 		bl	HAL_TIMEx_MasterConfigSynchronization
  84              	.LVL1:
  85              		.loc 1 155 6 discriminator 1 view .LVU22
  86 0034 28B9     		cbnz	r0, .L6
  87              	.L1:
 156:Core/Src/tim.c ****   {
 157:Core/Src/tim.c ****     Error_Handler();
 158:Core/Src/tim.c ****   }
 159:Core/Src/tim.c ****   /* USER CODE BEGIN TIM7_Init 2 */
 160:Core/Src/tim.c **** 
 161:Core/Src/tim.c ****   /* USER CODE END TIM7_Init 2 */
 162:Core/Src/tim.c **** 
 163:Core/Src/tim.c **** }
  88              		.loc 1 163 1 view .LVU23
  89 0036 05B0     		add	sp, sp, #20
  90              	.LCFI2:
  91              		.cfi_remember_state
  92              		.cfi_def_cfa_offset 4
  93              		@ sp needed
  94 0038 5DF804FB 		ldr	pc, [sp], #4
  95              	.L5:
  96              	.LCFI3:
  97              		.cfi_restore_state
 151:Core/Src/tim.c ****   }
  98              		.loc 1 151 5 is_stmt 1 view .LVU24
  99 003c FFF7FEFF 		bl	Error_Handler
 100              	.LVL2:
 101 0040 F1E7     		b	.L2
 102              	.L6:
 157:Core/Src/tim.c ****   }
 103              		.loc 1 157 5 view .LVU25
 104 0042 FFF7FEFF 		bl	Error_Handler
 105              	.LVL3:
 106              		.loc 1 163 1 is_stmt 0 view .LVU26
 107 0046 F6E7     		b	.L1
 108              	.L8:
 109              		.align	2
 110              	.L7:
 111 0048 00000000 		.word	htim7
 112 004c 00140040 		.word	1073746944
 113              		.cfi_endproc
 114              	.LFE331:
 116              		.section	.text.HAL_TIM_PWM_MspInit,"ax",%progbits
 117              		.align	1
 118              		.global	HAL_TIM_PWM_MspInit
 119              		.syntax unified
 120              		.thumb
 121              		.thumb_func
 123              	HAL_TIM_PWM_MspInit:
ARM GAS  C:\Users\BIRDs\AppData\Local\Temp\ccU7bPZe.s 			page 6


 124              	.LVL4:
 125              	.LFB332:
 164:Core/Src/tim.c **** 
 165:Core/Src/tim.c **** void HAL_TIM_PWM_MspInit(TIM_HandleTypeDef* tim_pwmHandle)
 166:Core/Src/tim.c **** {
 126              		.loc 1 166 1 is_stmt 1 view -0
 127              		.cfi_startproc
 128              		@ args = 0, pretend = 0, frame = 8
 129              		@ frame_needed = 0, uses_anonymous_args = 0
 130              		@ link register save eliminated.
 131              		.loc 1 166 1 is_stmt 0 view .LVU28
 132 0000 82B0     		sub	sp, sp, #8
 133              	.LCFI4:
 134              		.cfi_def_cfa_offset 8
 167:Core/Src/tim.c **** 
 168:Core/Src/tim.c ****   if(tim_pwmHandle->Instance==TIM2)
 135              		.loc 1 168 3 is_stmt 1 view .LVU29
 136              		.loc 1 168 19 is_stmt 0 view .LVU30
 137 0002 0368     		ldr	r3, [r0]
 138              		.loc 1 168 5 view .LVU31
 139 0004 B3F1804F 		cmp	r3, #1073741824
 140 0008 04D0     		beq	.L13
 169:Core/Src/tim.c ****   {
 170:Core/Src/tim.c ****   /* USER CODE BEGIN TIM2_MspInit 0 */
 171:Core/Src/tim.c **** 
 172:Core/Src/tim.c ****   /* USER CODE END TIM2_MspInit 0 */
 173:Core/Src/tim.c ****     /* TIM2 clock enable */
 174:Core/Src/tim.c ****     __HAL_RCC_TIM2_CLK_ENABLE();
 175:Core/Src/tim.c ****   /* USER CODE BEGIN TIM2_MspInit 1 */
 176:Core/Src/tim.c **** 
 177:Core/Src/tim.c ****   /* USER CODE END TIM2_MspInit 1 */
 178:Core/Src/tim.c ****   }
 179:Core/Src/tim.c ****   else if(tim_pwmHandle->Instance==TIM3)
 141              		.loc 1 179 8 is_stmt 1 view .LVU32
 142              		.loc 1 179 10 is_stmt 0 view .LVU33
 143 000a 0E4A     		ldr	r2, .L15
 144 000c 9342     		cmp	r3, r2
 145 000e 0DD0     		beq	.L14
 146              	.L9:
 180:Core/Src/tim.c ****   {
 181:Core/Src/tim.c ****   /* USER CODE BEGIN TIM3_MspInit 0 */
 182:Core/Src/tim.c **** 
 183:Core/Src/tim.c ****   /* USER CODE END TIM3_MspInit 0 */
 184:Core/Src/tim.c ****     /* TIM3 clock enable */
 185:Core/Src/tim.c ****     __HAL_RCC_TIM3_CLK_ENABLE();
 186:Core/Src/tim.c ****   /* USER CODE BEGIN TIM3_MspInit 1 */
 187:Core/Src/tim.c **** 
 188:Core/Src/tim.c ****   /* USER CODE END TIM3_MspInit 1 */
 189:Core/Src/tim.c ****   }
 190:Core/Src/tim.c **** }
 147              		.loc 1 190 1 view .LVU34
 148 0010 02B0     		add	sp, sp, #8
 149              	.LCFI5:
 150              		.cfi_remember_state
 151              		.cfi_def_cfa_offset 0
 152              		@ sp needed
 153 0012 7047     		bx	lr
ARM GAS  C:\Users\BIRDs\AppData\Local\Temp\ccU7bPZe.s 			page 7


 154              	.L13:
 155              	.LCFI6:
 156              		.cfi_restore_state
 174:Core/Src/tim.c ****   /* USER CODE BEGIN TIM2_MspInit 1 */
 157              		.loc 1 174 5 is_stmt 1 view .LVU35
 158              	.LBB2:
 174:Core/Src/tim.c ****   /* USER CODE BEGIN TIM2_MspInit 1 */
 159              		.loc 1 174 5 view .LVU36
 174:Core/Src/tim.c ****   /* USER CODE BEGIN TIM2_MspInit 1 */
 160              		.loc 1 174 5 view .LVU37
 161 0014 03F50433 		add	r3, r3, #135168
 162 0018 9A6D     		ldr	r2, [r3, #88]
 163 001a 42F00102 		orr	r2, r2, #1
 164 001e 9A65     		str	r2, [r3, #88]
 174:Core/Src/tim.c ****   /* USER CODE BEGIN TIM2_MspInit 1 */
 165              		.loc 1 174 5 view .LVU38
 166 0020 9B6D     		ldr	r3, [r3, #88]
 167 0022 03F00103 		and	r3, r3, #1
 168 0026 0093     		str	r3, [sp]
 174:Core/Src/tim.c ****   /* USER CODE BEGIN TIM2_MspInit 1 */
 169              		.loc 1 174 5 view .LVU39
 170 0028 009B     		ldr	r3, [sp]
 171              	.LBE2:
 174:Core/Src/tim.c ****   /* USER CODE BEGIN TIM2_MspInit 1 */
 172              		.loc 1 174 5 view .LVU40
 173 002a F1E7     		b	.L9
 174              	.L14:
 185:Core/Src/tim.c ****   /* USER CODE BEGIN TIM3_MspInit 1 */
 175              		.loc 1 185 5 view .LVU41
 176              	.LBB3:
 185:Core/Src/tim.c ****   /* USER CODE BEGIN TIM3_MspInit 1 */
 177              		.loc 1 185 5 view .LVU42
 185:Core/Src/tim.c ****   /* USER CODE BEGIN TIM3_MspInit 1 */
 178              		.loc 1 185 5 view .LVU43
 179 002c 064B     		ldr	r3, .L15+4
 180 002e 9A6D     		ldr	r2, [r3, #88]
 181 0030 42F00202 		orr	r2, r2, #2
 182 0034 9A65     		str	r2, [r3, #88]
 185:Core/Src/tim.c ****   /* USER CODE BEGIN TIM3_MspInit 1 */
 183              		.loc 1 185 5 view .LVU44
 184 0036 9B6D     		ldr	r3, [r3, #88]
 185 0038 03F00203 		and	r3, r3, #2
 186 003c 0193     		str	r3, [sp, #4]
 185:Core/Src/tim.c ****   /* USER CODE BEGIN TIM3_MspInit 1 */
 187              		.loc 1 185 5 view .LVU45
 188 003e 019B     		ldr	r3, [sp, #4]
 189              	.LBE3:
 185:Core/Src/tim.c ****   /* USER CODE BEGIN TIM3_MspInit 1 */
 190              		.loc 1 185 5 discriminator 1 view .LVU46
 191              		.loc 1 190 1 is_stmt 0 view .LVU47
 192 0040 E6E7     		b	.L9
 193              	.L16:
 194 0042 00BF     		.align	2
 195              	.L15:
 196 0044 00040040 		.word	1073742848
 197 0048 00100240 		.word	1073876992
 198              		.cfi_endproc
ARM GAS  C:\Users\BIRDs\AppData\Local\Temp\ccU7bPZe.s 			page 8


 199              	.LFE332:
 201              		.section	.text.HAL_TIM_Base_MspInit,"ax",%progbits
 202              		.align	1
 203              		.global	HAL_TIM_Base_MspInit
 204              		.syntax unified
 205              		.thumb
 206              		.thumb_func
 208              	HAL_TIM_Base_MspInit:
 209              	.LVL5:
 210              	.LFB333:
 191:Core/Src/tim.c **** 
 192:Core/Src/tim.c **** void HAL_TIM_Base_MspInit(TIM_HandleTypeDef* tim_baseHandle)
 193:Core/Src/tim.c **** {
 211              		.loc 1 193 1 is_stmt 1 view -0
 212              		.cfi_startproc
 213              		@ args = 0, pretend = 0, frame = 8
 214              		@ frame_needed = 0, uses_anonymous_args = 0
 194:Core/Src/tim.c **** 
 195:Core/Src/tim.c ****   if(tim_baseHandle->Instance==TIM7)
 215              		.loc 1 195 3 view .LVU49
 216              		.loc 1 195 20 is_stmt 0 view .LVU50
 217 0000 0268     		ldr	r2, [r0]
 218              		.loc 1 195 5 view .LVU51
 219 0002 0E4B     		ldr	r3, .L24
 220 0004 9A42     		cmp	r2, r3
 221 0006 00D0     		beq	.L23
 222 0008 7047     		bx	lr
 223              	.L23:
 193:Core/Src/tim.c **** 
 224              		.loc 1 193 1 view .LVU52
 225 000a 00B5     		push	{lr}
 226              	.LCFI7:
 227              		.cfi_def_cfa_offset 4
 228              		.cfi_offset 14, -4
 229 000c 83B0     		sub	sp, sp, #12
 230              	.LCFI8:
 231              		.cfi_def_cfa_offset 16
 196:Core/Src/tim.c ****   {
 197:Core/Src/tim.c ****   /* USER CODE BEGIN TIM7_MspInit 0 */
 198:Core/Src/tim.c **** 
 199:Core/Src/tim.c ****   /* USER CODE END TIM7_MspInit 0 */
 200:Core/Src/tim.c ****     /* TIM7 clock enable */
 201:Core/Src/tim.c ****     __HAL_RCC_TIM7_CLK_ENABLE();
 232              		.loc 1 201 5 is_stmt 1 view .LVU53
 233              	.LBB4:
 234              		.loc 1 201 5 view .LVU54
 235              		.loc 1 201 5 view .LVU55
 236 000e 03F5FE33 		add	r3, r3, #130048
 237 0012 9A6D     		ldr	r2, [r3, #88]
 238 0014 42F02002 		orr	r2, r2, #32
 239 0018 9A65     		str	r2, [r3, #88]
 240              		.loc 1 201 5 view .LVU56
 241 001a 9B6D     		ldr	r3, [r3, #88]
 242 001c 03F02003 		and	r3, r3, #32
 243 0020 0193     		str	r3, [sp, #4]
 244              		.loc 1 201 5 view .LVU57
 245 0022 019B     		ldr	r3, [sp, #4]
ARM GAS  C:\Users\BIRDs\AppData\Local\Temp\ccU7bPZe.s 			page 9


 246              	.LBE4:
 247              		.loc 1 201 5 view .LVU58
 202:Core/Src/tim.c **** 
 203:Core/Src/tim.c ****     /* TIM7 interrupt Init */
 204:Core/Src/tim.c ****     HAL_NVIC_SetPriority(TIM7_IRQn, 5, 0);
 248              		.loc 1 204 5 view .LVU59
 249 0024 0022     		movs	r2, #0
 250 0026 0521     		movs	r1, #5
 251 0028 3720     		movs	r0, #55
 252              	.LVL6:
 253              		.loc 1 204 5 is_stmt 0 view .LVU60
 254 002a FFF7FEFF 		bl	HAL_NVIC_SetPriority
 255              	.LVL7:
 205:Core/Src/tim.c ****     HAL_NVIC_EnableIRQ(TIM7_IRQn);
 256              		.loc 1 205 5 is_stmt 1 view .LVU61
 257 002e 3720     		movs	r0, #55
 258 0030 FFF7FEFF 		bl	HAL_NVIC_EnableIRQ
 259              	.LVL8:
 206:Core/Src/tim.c ****   /* USER CODE BEGIN TIM7_MspInit 1 */
 207:Core/Src/tim.c **** 
 208:Core/Src/tim.c ****   /* USER CODE END TIM7_MspInit 1 */
 209:Core/Src/tim.c ****   }
 210:Core/Src/tim.c **** }
 260              		.loc 1 210 1 is_stmt 0 view .LVU62
 261 0034 03B0     		add	sp, sp, #12
 262              	.LCFI9:
 263              		.cfi_def_cfa_offset 4
 264              		@ sp needed
 265 0036 5DF804FB 		ldr	pc, [sp], #4
 266              	.L25:
 267 003a 00BF     		.align	2
 268              	.L24:
 269 003c 00140040 		.word	1073746944
 270              		.cfi_endproc
 271              	.LFE333:
 273              		.section	.text.HAL_TIM_MspPostInit,"ax",%progbits
 274              		.align	1
 275              		.global	HAL_TIM_MspPostInit
 276              		.syntax unified
 277              		.thumb
 278              		.thumb_func
 280              	HAL_TIM_MspPostInit:
 281              	.LVL9:
 282              	.LFB334:
 211:Core/Src/tim.c **** void HAL_TIM_MspPostInit(TIM_HandleTypeDef* timHandle)
 212:Core/Src/tim.c **** {
 283              		.loc 1 212 1 is_stmt 1 view -0
 284              		.cfi_startproc
 285              		@ args = 0, pretend = 0, frame = 40
 286              		@ frame_needed = 0, uses_anonymous_args = 0
 287              		.loc 1 212 1 is_stmt 0 view .LVU64
 288 0000 70B5     		push	{r4, r5, r6, lr}
 289              	.LCFI10:
 290              		.cfi_def_cfa_offset 16
 291              		.cfi_offset 4, -16
 292              		.cfi_offset 5, -12
 293              		.cfi_offset 6, -8
ARM GAS  C:\Users\BIRDs\AppData\Local\Temp\ccU7bPZe.s 			page 10


 294              		.cfi_offset 14, -4
 295 0002 8AB0     		sub	sp, sp, #40
 296              	.LCFI11:
 297              		.cfi_def_cfa_offset 56
 213:Core/Src/tim.c **** 
 214:Core/Src/tim.c ****   GPIO_InitTypeDef GPIO_InitStruct = {0};
 298              		.loc 1 214 3 is_stmt 1 view .LVU65
 299              		.loc 1 214 20 is_stmt 0 view .LVU66
 300 0004 0023     		movs	r3, #0
 301 0006 0593     		str	r3, [sp, #20]
 302 0008 0693     		str	r3, [sp, #24]
 303 000a 0793     		str	r3, [sp, #28]
 304 000c 0893     		str	r3, [sp, #32]
 305 000e 0993     		str	r3, [sp, #36]
 215:Core/Src/tim.c ****   if(timHandle->Instance==TIM2)
 306              		.loc 1 215 3 is_stmt 1 view .LVU67
 307              		.loc 1 215 15 is_stmt 0 view .LVU68
 308 0010 0368     		ldr	r3, [r0]
 309              		.loc 1 215 5 view .LVU69
 310 0012 B3F1804F 		cmp	r3, #1073741824
 311 0016 04D0     		beq	.L30
 216:Core/Src/tim.c ****   {
 217:Core/Src/tim.c ****   /* USER CODE BEGIN TIM2_MspPostInit 0 */
 218:Core/Src/tim.c **** 
 219:Core/Src/tim.c ****   /* USER CODE END TIM2_MspPostInit 0 */
 220:Core/Src/tim.c ****     __HAL_RCC_GPIOA_CLK_ENABLE();
 221:Core/Src/tim.c ****     /**TIM2 GPIO Configuration
 222:Core/Src/tim.c ****     PA1     ------> TIM2_CH2
 223:Core/Src/tim.c ****     */
 224:Core/Src/tim.c ****     GPIO_InitStruct.Pin = GPIO_PIN_1;
 225:Core/Src/tim.c ****     GPIO_InitStruct.Mode = GPIO_MODE_AF_PP;
 226:Core/Src/tim.c ****     GPIO_InitStruct.Pull = GPIO_NOPULL;
 227:Core/Src/tim.c ****     GPIO_InitStruct.Speed = GPIO_SPEED_FREQ_LOW;
 228:Core/Src/tim.c ****     GPIO_InitStruct.Alternate = GPIO_AF1_TIM2;
 229:Core/Src/tim.c ****     HAL_GPIO_Init(GPIOA, &GPIO_InitStruct);
 230:Core/Src/tim.c **** 
 231:Core/Src/tim.c ****   /* USER CODE BEGIN TIM2_MspPostInit 1 */
 232:Core/Src/tim.c **** 
 233:Core/Src/tim.c ****   /* USER CODE END TIM2_MspPostInit 1 */
 234:Core/Src/tim.c ****   }
 235:Core/Src/tim.c ****   else if(timHandle->Instance==TIM3)
 312              		.loc 1 235 8 is_stmt 1 view .LVU70
 313              		.loc 1 235 10 is_stmt 0 view .LVU71
 314 0018 2B4A     		ldr	r2, .L32
 315 001a 9342     		cmp	r3, r2
 316 001c 17D0     		beq	.L31
 317              	.LVL10:
 318              	.L26:
 236:Core/Src/tim.c ****   {
 237:Core/Src/tim.c ****   /* USER CODE BEGIN TIM3_MspPostInit 0 */
 238:Core/Src/tim.c **** 
 239:Core/Src/tim.c ****   /* USER CODE END TIM3_MspPostInit 0 */
 240:Core/Src/tim.c **** 
 241:Core/Src/tim.c ****     __HAL_RCC_GPIOA_CLK_ENABLE();
 242:Core/Src/tim.c ****     __HAL_RCC_GPIOC_CLK_ENABLE();
 243:Core/Src/tim.c ****     __HAL_RCC_GPIOB_CLK_ENABLE();
 244:Core/Src/tim.c ****     /**TIM3 GPIO Configuration
ARM GAS  C:\Users\BIRDs\AppData\Local\Temp\ccU7bPZe.s 			page 11


 245:Core/Src/tim.c ****     PA4     ------> TIM3_CH2
 246:Core/Src/tim.c ****     PC8     ------> TIM3_CH3
 247:Core/Src/tim.c ****     PC9     ------> TIM3_CH4
 248:Core/Src/tim.c ****     PB4     ------> TIM3_CH1
 249:Core/Src/tim.c ****     */
 250:Core/Src/tim.c ****     GPIO_InitStruct.Pin = GPIO_PIN_4;
 251:Core/Src/tim.c ****     GPIO_InitStruct.Mode = GPIO_MODE_AF_PP;
 252:Core/Src/tim.c ****     GPIO_InitStruct.Pull = GPIO_NOPULL;
 253:Core/Src/tim.c ****     GPIO_InitStruct.Speed = GPIO_SPEED_FREQ_LOW;
 254:Core/Src/tim.c ****     GPIO_InitStruct.Alternate = GPIO_AF2_TIM3;
 255:Core/Src/tim.c ****     HAL_GPIO_Init(GPIOA, &GPIO_InitStruct);
 256:Core/Src/tim.c **** 
 257:Core/Src/tim.c ****     GPIO_InitStruct.Pin = GPIO_PIN_8|GPIO_PIN_9;
 258:Core/Src/tim.c ****     GPIO_InitStruct.Mode = GPIO_MODE_AF_PP;
 259:Core/Src/tim.c ****     GPIO_InitStruct.Pull = GPIO_NOPULL;
 260:Core/Src/tim.c ****     GPIO_InitStruct.Speed = GPIO_SPEED_FREQ_LOW;
 261:Core/Src/tim.c ****     GPIO_InitStruct.Alternate = GPIO_AF2_TIM3;
 262:Core/Src/tim.c ****     HAL_GPIO_Init(GPIOC, &GPIO_InitStruct);
 263:Core/Src/tim.c **** 
 264:Core/Src/tim.c ****     GPIO_InitStruct.Pin = GPIO_PIN_4;
 265:Core/Src/tim.c ****     GPIO_InitStruct.Mode = GPIO_MODE_AF_PP;
 266:Core/Src/tim.c ****     GPIO_InitStruct.Pull = GPIO_NOPULL;
 267:Core/Src/tim.c ****     GPIO_InitStruct.Speed = GPIO_SPEED_FREQ_LOW;
 268:Core/Src/tim.c ****     GPIO_InitStruct.Alternate = GPIO_AF2_TIM3;
 269:Core/Src/tim.c ****     HAL_GPIO_Init(GPIOB, &GPIO_InitStruct);
 270:Core/Src/tim.c **** 
 271:Core/Src/tim.c ****   /* USER CODE BEGIN TIM3_MspPostInit 1 */
 272:Core/Src/tim.c **** 
 273:Core/Src/tim.c ****   /* USER CODE END TIM3_MspPostInit 1 */
 274:Core/Src/tim.c ****   }
 275:Core/Src/tim.c **** 
 276:Core/Src/tim.c **** }
 319              		.loc 1 276 1 view .LVU72
 320 001e 0AB0     		add	sp, sp, #40
 321              	.LCFI12:
 322              		.cfi_remember_state
 323              		.cfi_def_cfa_offset 16
 324              		@ sp needed
 325 0020 70BD     		pop	{r4, r5, r6, pc}
 326              	.LVL11:
 327              	.L30:
 328              	.LCFI13:
 329              		.cfi_restore_state
 220:Core/Src/tim.c ****     /**TIM2 GPIO Configuration
 330              		.loc 1 220 5 is_stmt 1 view .LVU73
 331              	.LBB5:
 220:Core/Src/tim.c ****     /**TIM2 GPIO Configuration
 332              		.loc 1 220 5 view .LVU74
 220:Core/Src/tim.c ****     /**TIM2 GPIO Configuration
 333              		.loc 1 220 5 view .LVU75
 334 0022 03F50433 		add	r3, r3, #135168
 335 0026 DA6C     		ldr	r2, [r3, #76]
 336 0028 42F00102 		orr	r2, r2, #1
 337 002c DA64     		str	r2, [r3, #76]
 220:Core/Src/tim.c ****     /**TIM2 GPIO Configuration
 338              		.loc 1 220 5 view .LVU76
 339 002e DB6C     		ldr	r3, [r3, #76]
ARM GAS  C:\Users\BIRDs\AppData\Local\Temp\ccU7bPZe.s 			page 12


 340 0030 03F00103 		and	r3, r3, #1
 341 0034 0193     		str	r3, [sp, #4]
 220:Core/Src/tim.c ****     /**TIM2 GPIO Configuration
 342              		.loc 1 220 5 view .LVU77
 343 0036 019B     		ldr	r3, [sp, #4]
 344              	.LBE5:
 220:Core/Src/tim.c ****     /**TIM2 GPIO Configuration
 345              		.loc 1 220 5 view .LVU78
 224:Core/Src/tim.c ****     GPIO_InitStruct.Mode = GPIO_MODE_AF_PP;
 346              		.loc 1 224 5 view .LVU79
 224:Core/Src/tim.c ****     GPIO_InitStruct.Mode = GPIO_MODE_AF_PP;
 347              		.loc 1 224 25 is_stmt 0 view .LVU80
 348 0038 0223     		movs	r3, #2
 349 003a 0593     		str	r3, [sp, #20]
 225:Core/Src/tim.c ****     GPIO_InitStruct.Pull = GPIO_NOPULL;
 350              		.loc 1 225 5 is_stmt 1 view .LVU81
 225:Core/Src/tim.c ****     GPIO_InitStruct.Pull = GPIO_NOPULL;
 351              		.loc 1 225 26 is_stmt 0 view .LVU82
 352 003c 0693     		str	r3, [sp, #24]
 226:Core/Src/tim.c ****     GPIO_InitStruct.Speed = GPIO_SPEED_FREQ_LOW;
 353              		.loc 1 226 5 is_stmt 1 view .LVU83
 227:Core/Src/tim.c ****     GPIO_InitStruct.Alternate = GPIO_AF1_TIM2;
 354              		.loc 1 227 5 view .LVU84
 228:Core/Src/tim.c ****     HAL_GPIO_Init(GPIOA, &GPIO_InitStruct);
 355              		.loc 1 228 5 view .LVU85
 228:Core/Src/tim.c ****     HAL_GPIO_Init(GPIOA, &GPIO_InitStruct);
 356              		.loc 1 228 31 is_stmt 0 view .LVU86
 357 003e 0123     		movs	r3, #1
 358 0040 0993     		str	r3, [sp, #36]
 229:Core/Src/tim.c **** 
 359              		.loc 1 229 5 is_stmt 1 view .LVU87
 360 0042 05A9     		add	r1, sp, #20
 361 0044 4FF09040 		mov	r0, #1207959552
 362              	.LVL12:
 229:Core/Src/tim.c **** 
 363              		.loc 1 229 5 is_stmt 0 view .LVU88
 364 0048 FFF7FEFF 		bl	HAL_GPIO_Init
 365              	.LVL13:
 366 004c E7E7     		b	.L26
 367              	.LVL14:
 368              	.L31:
 241:Core/Src/tim.c ****     __HAL_RCC_GPIOC_CLK_ENABLE();
 369              		.loc 1 241 5 is_stmt 1 view .LVU89
 370              	.LBB6:
 241:Core/Src/tim.c ****     __HAL_RCC_GPIOC_CLK_ENABLE();
 371              		.loc 1 241 5 view .LVU90
 241:Core/Src/tim.c ****     __HAL_RCC_GPIOC_CLK_ENABLE();
 372              		.loc 1 241 5 view .LVU91
 373 004e 1F4B     		ldr	r3, .L32+4
 374 0050 DA6C     		ldr	r2, [r3, #76]
 375 0052 42F00102 		orr	r2, r2, #1
 376 0056 DA64     		str	r2, [r3, #76]
 241:Core/Src/tim.c ****     __HAL_RCC_GPIOC_CLK_ENABLE();
 377              		.loc 1 241 5 view .LVU92
 378 0058 DA6C     		ldr	r2, [r3, #76]
 379 005a 02F00102 		and	r2, r2, #1
 380 005e 0292     		str	r2, [sp, #8]
ARM GAS  C:\Users\BIRDs\AppData\Local\Temp\ccU7bPZe.s 			page 13


 241:Core/Src/tim.c ****     __HAL_RCC_GPIOC_CLK_ENABLE();
 381              		.loc 1 241 5 view .LVU93
 382 0060 029A     		ldr	r2, [sp, #8]
 383              	.LBE6:
 241:Core/Src/tim.c ****     __HAL_RCC_GPIOC_CLK_ENABLE();
 384              		.loc 1 241 5 view .LVU94
 242:Core/Src/tim.c ****     __HAL_RCC_GPIOB_CLK_ENABLE();
 385              		.loc 1 242 5 view .LVU95
 386              	.LBB7:
 242:Core/Src/tim.c ****     __HAL_RCC_GPIOB_CLK_ENABLE();
 387              		.loc 1 242 5 view .LVU96
 242:Core/Src/tim.c ****     __HAL_RCC_GPIOB_CLK_ENABLE();
 388              		.loc 1 242 5 view .LVU97
 389 0062 DA6C     		ldr	r2, [r3, #76]
 390 0064 42F00402 		orr	r2, r2, #4
 391 0068 DA64     		str	r2, [r3, #76]
 242:Core/Src/tim.c ****     __HAL_RCC_GPIOB_CLK_ENABLE();
 392              		.loc 1 242 5 view .LVU98
 393 006a DA6C     		ldr	r2, [r3, #76]
 394 006c 02F00402 		and	r2, r2, #4
 395 0070 0392     		str	r2, [sp, #12]
 242:Core/Src/tim.c ****     __HAL_RCC_GPIOB_CLK_ENABLE();
 396              		.loc 1 242 5 view .LVU99
 397 0072 039A     		ldr	r2, [sp, #12]
 398              	.LBE7:
 242:Core/Src/tim.c ****     __HAL_RCC_GPIOB_CLK_ENABLE();
 399              		.loc 1 242 5 view .LVU100
 243:Core/Src/tim.c ****     /**TIM3 GPIO Configuration
 400              		.loc 1 243 5 view .LVU101
 401              	.LBB8:
 243:Core/Src/tim.c ****     /**TIM3 GPIO Configuration
 402              		.loc 1 243 5 view .LVU102
 243:Core/Src/tim.c ****     /**TIM3 GPIO Configuration
 403              		.loc 1 243 5 view .LVU103
 404 0074 DA6C     		ldr	r2, [r3, #76]
 405 0076 42F00202 		orr	r2, r2, #2
 406 007a DA64     		str	r2, [r3, #76]
 243:Core/Src/tim.c ****     /**TIM3 GPIO Configuration
 407              		.loc 1 243 5 view .LVU104
 408 007c DB6C     		ldr	r3, [r3, #76]
 409 007e 03F00203 		and	r3, r3, #2
 410 0082 0493     		str	r3, [sp, #16]
 243:Core/Src/tim.c ****     /**TIM3 GPIO Configuration
 411              		.loc 1 243 5 view .LVU105
 412 0084 049B     		ldr	r3, [sp, #16]
 413              	.LBE8:
 243:Core/Src/tim.c ****     /**TIM3 GPIO Configuration
 414              		.loc 1 243 5 view .LVU106
 250:Core/Src/tim.c ****     GPIO_InitStruct.Mode = GPIO_MODE_AF_PP;
 415              		.loc 1 250 5 view .LVU107
 250:Core/Src/tim.c ****     GPIO_InitStruct.Mode = GPIO_MODE_AF_PP;
 416              		.loc 1 250 25 is_stmt 0 view .LVU108
 417 0086 1026     		movs	r6, #16
 418 0088 0596     		str	r6, [sp, #20]
 251:Core/Src/tim.c ****     GPIO_InitStruct.Pull = GPIO_NOPULL;
 419              		.loc 1 251 5 is_stmt 1 view .LVU109
 251:Core/Src/tim.c ****     GPIO_InitStruct.Pull = GPIO_NOPULL;
ARM GAS  C:\Users\BIRDs\AppData\Local\Temp\ccU7bPZe.s 			page 14


 420              		.loc 1 251 26 is_stmt 0 view .LVU110
 421 008a 0224     		movs	r4, #2
 422 008c 0694     		str	r4, [sp, #24]
 252:Core/Src/tim.c ****     GPIO_InitStruct.Speed = GPIO_SPEED_FREQ_LOW;
 423              		.loc 1 252 5 is_stmt 1 view .LVU111
 253:Core/Src/tim.c ****     GPIO_InitStruct.Alternate = GPIO_AF2_TIM3;
 424              		.loc 1 253 5 view .LVU112
 254:Core/Src/tim.c ****     HAL_GPIO_Init(GPIOA, &GPIO_InitStruct);
 425              		.loc 1 254 5 view .LVU113
 254:Core/Src/tim.c ****     HAL_GPIO_Init(GPIOA, &GPIO_InitStruct);
 426              		.loc 1 254 31 is_stmt 0 view .LVU114
 427 008e 0994     		str	r4, [sp, #36]
 255:Core/Src/tim.c **** 
 428              		.loc 1 255 5 is_stmt 1 view .LVU115
 429 0090 05A9     		add	r1, sp, #20
 430 0092 4FF09040 		mov	r0, #1207959552
 431              	.LVL15:
 255:Core/Src/tim.c **** 
 432              		.loc 1 255 5 is_stmt 0 view .LVU116
 433 0096 FFF7FEFF 		bl	HAL_GPIO_Init
 434              	.LVL16:
 257:Core/Src/tim.c ****     GPIO_InitStruct.Mode = GPIO_MODE_AF_PP;
 435              		.loc 1 257 5 is_stmt 1 view .LVU117
 257:Core/Src/tim.c ****     GPIO_InitStruct.Mode = GPIO_MODE_AF_PP;
 436              		.loc 1 257 25 is_stmt 0 view .LVU118
 437 009a 4FF44073 		mov	r3, #768
 438 009e 0593     		str	r3, [sp, #20]
 258:Core/Src/tim.c ****     GPIO_InitStruct.Pull = GPIO_NOPULL;
 439              		.loc 1 258 5 is_stmt 1 view .LVU119
 258:Core/Src/tim.c ****     GPIO_InitStruct.Pull = GPIO_NOPULL;
 440              		.loc 1 258 26 is_stmt 0 view .LVU120
 441 00a0 0694     		str	r4, [sp, #24]
 259:Core/Src/tim.c ****     GPIO_InitStruct.Speed = GPIO_SPEED_FREQ_LOW;
 442              		.loc 1 259 5 is_stmt 1 view .LVU121
 259:Core/Src/tim.c ****     GPIO_InitStruct.Speed = GPIO_SPEED_FREQ_LOW;
 443              		.loc 1 259 26 is_stmt 0 view .LVU122
 444 00a2 0025     		movs	r5, #0
 445 00a4 0795     		str	r5, [sp, #28]
 260:Core/Src/tim.c ****     GPIO_InitStruct.Alternate = GPIO_AF2_TIM3;
 446              		.loc 1 260 5 is_stmt 1 view .LVU123
 260:Core/Src/tim.c ****     GPIO_InitStruct.Alternate = GPIO_AF2_TIM3;
 447              		.loc 1 260 27 is_stmt 0 view .LVU124
 448 00a6 0895     		str	r5, [sp, #32]
 261:Core/Src/tim.c ****     HAL_GPIO_Init(GPIOC, &GPIO_InitStruct);
 449              		.loc 1 261 5 is_stmt 1 view .LVU125
 261:Core/Src/tim.c ****     HAL_GPIO_Init(GPIOC, &GPIO_InitStruct);
 450              		.loc 1 261 31 is_stmt 0 view .LVU126
 451 00a8 0994     		str	r4, [sp, #36]
 262:Core/Src/tim.c **** 
 452              		.loc 1 262 5 is_stmt 1 view .LVU127
 453 00aa 05A9     		add	r1, sp, #20
 454 00ac 0848     		ldr	r0, .L32+8
 455 00ae FFF7FEFF 		bl	HAL_GPIO_Init
 456              	.LVL17:
 264:Core/Src/tim.c ****     GPIO_InitStruct.Mode = GPIO_MODE_AF_PP;
 457              		.loc 1 264 5 view .LVU128
 264:Core/Src/tim.c ****     GPIO_InitStruct.Mode = GPIO_MODE_AF_PP;
ARM GAS  C:\Users\BIRDs\AppData\Local\Temp\ccU7bPZe.s 			page 15


 458              		.loc 1 264 25 is_stmt 0 view .LVU129
 459 00b2 0596     		str	r6, [sp, #20]
 265:Core/Src/tim.c ****     GPIO_InitStruct.Pull = GPIO_NOPULL;
 460              		.loc 1 265 5 is_stmt 1 view .LVU130
 265:Core/Src/tim.c ****     GPIO_InitStruct.Pull = GPIO_NOPULL;
 461              		.loc 1 265 26 is_stmt 0 view .LVU131
 462 00b4 0694     		str	r4, [sp, #24]
 266:Core/Src/tim.c ****     GPIO_InitStruct.Speed = GPIO_SPEED_FREQ_LOW;
 463              		.loc 1 266 5 is_stmt 1 view .LVU132
 266:Core/Src/tim.c ****     GPIO_InitStruct.Speed = GPIO_SPEED_FREQ_LOW;
 464              		.loc 1 266 26 is_stmt 0 view .LVU133
 465 00b6 0795     		str	r5, [sp, #28]
 267:Core/Src/tim.c ****     GPIO_InitStruct.Alternate = GPIO_AF2_TIM3;
 466              		.loc 1 267 5 is_stmt 1 view .LVU134
 267:Core/Src/tim.c ****     GPIO_InitStruct.Alternate = GPIO_AF2_TIM3;
 467              		.loc 1 267 27 is_stmt 0 view .LVU135
 468 00b8 0895     		str	r5, [sp, #32]
 268:Core/Src/tim.c ****     HAL_GPIO_Init(GPIOB, &GPIO_InitStruct);
 469              		.loc 1 268 5 is_stmt 1 view .LVU136
 268:Core/Src/tim.c ****     HAL_GPIO_Init(GPIOB, &GPIO_InitStruct);
 470              		.loc 1 268 31 is_stmt 0 view .LVU137
 471 00ba 0994     		str	r4, [sp, #36]
 269:Core/Src/tim.c **** 
 472              		.loc 1 269 5 is_stmt 1 view .LVU138
 473 00bc 05A9     		add	r1, sp, #20
 474 00be 0548     		ldr	r0, .L32+12
 475 00c0 FFF7FEFF 		bl	HAL_GPIO_Init
 476              	.LVL18:
 477              		.loc 1 276 1 is_stmt 0 view .LVU139
 478 00c4 ABE7     		b	.L26
 479              	.L33:
 480 00c6 00BF     		.align	2
 481              	.L32:
 482 00c8 00040040 		.word	1073742848
 483 00cc 00100240 		.word	1073876992
 484 00d0 00080048 		.word	1207961600
 485 00d4 00040048 		.word	1207960576
 486              		.cfi_endproc
 487              	.LFE334:
 489              		.section	.text.MX_TIM2_Init,"ax",%progbits
 490              		.align	1
 491              		.global	MX_TIM2_Init
 492              		.syntax unified
 493              		.thumb
 494              		.thumb_func
 496              	MX_TIM2_Init:
 497              	.LFB329:
  33:Core/Src/tim.c **** 
 498              		.loc 1 33 1 is_stmt 1 view -0
 499              		.cfi_startproc
 500              		@ args = 0, pretend = 0, frame = 40
 501              		@ frame_needed = 0, uses_anonymous_args = 0
 502 0000 00B5     		push	{lr}
 503              	.LCFI14:
 504              		.cfi_def_cfa_offset 4
 505              		.cfi_offset 14, -4
 506 0002 8BB0     		sub	sp, sp, #44
ARM GAS  C:\Users\BIRDs\AppData\Local\Temp\ccU7bPZe.s 			page 16


 507              	.LCFI15:
 508              		.cfi_def_cfa_offset 48
  39:Core/Src/tim.c ****   TIM_OC_InitTypeDef sConfigOC = {0};
 509              		.loc 1 39 3 view .LVU141
  39:Core/Src/tim.c ****   TIM_OC_InitTypeDef sConfigOC = {0};
 510              		.loc 1 39 27 is_stmt 0 view .LVU142
 511 0004 0023     		movs	r3, #0
 512 0006 0793     		str	r3, [sp, #28]
 513 0008 0893     		str	r3, [sp, #32]
 514 000a 0993     		str	r3, [sp, #36]
  40:Core/Src/tim.c **** 
 515              		.loc 1 40 3 is_stmt 1 view .LVU143
  40:Core/Src/tim.c **** 
 516              		.loc 1 40 22 is_stmt 0 view .LVU144
 517 000c 0093     		str	r3, [sp]
 518 000e 0193     		str	r3, [sp, #4]
 519 0010 0293     		str	r3, [sp, #8]
 520 0012 0393     		str	r3, [sp, #12]
 521 0014 0493     		str	r3, [sp, #16]
 522 0016 0593     		str	r3, [sp, #20]
 523 0018 0693     		str	r3, [sp, #24]
  45:Core/Src/tim.c ****   htim2.Init.Prescaler = 0;
 524              		.loc 1 45 3 is_stmt 1 view .LVU145
  45:Core/Src/tim.c ****   htim2.Init.Prescaler = 0;
 525              		.loc 1 45 18 is_stmt 0 view .LVU146
 526 001a 1848     		ldr	r0, .L42
 527 001c 4FF08042 		mov	r2, #1073741824
 528 0020 0260     		str	r2, [r0]
  46:Core/Src/tim.c ****   htim2.Init.CounterMode = TIM_COUNTERMODE_UP;
 529              		.loc 1 46 3 is_stmt 1 view .LVU147
  46:Core/Src/tim.c ****   htim2.Init.CounterMode = TIM_COUNTERMODE_UP;
 530              		.loc 1 46 24 is_stmt 0 view .LVU148
 531 0022 4360     		str	r3, [r0, #4]
  47:Core/Src/tim.c ****   htim2.Init.Period = 4294967295;
 532              		.loc 1 47 3 is_stmt 1 view .LVU149
  47:Core/Src/tim.c ****   htim2.Init.Period = 4294967295;
 533              		.loc 1 47 26 is_stmt 0 view .LVU150
 534 0024 8360     		str	r3, [r0, #8]
  48:Core/Src/tim.c ****   htim2.Init.ClockDivision = TIM_CLOCKDIVISION_DIV1;
 535              		.loc 1 48 3 is_stmt 1 view .LVU151
  48:Core/Src/tim.c ****   htim2.Init.ClockDivision = TIM_CLOCKDIVISION_DIV1;
 536              		.loc 1 48 21 is_stmt 0 view .LVU152
 537 0026 4FF0FF32 		mov	r2, #-1
 538 002a C260     		str	r2, [r0, #12]
  49:Core/Src/tim.c ****   htim2.Init.AutoReloadPreload = TIM_AUTORELOAD_PRELOAD_DISABLE;
 539              		.loc 1 49 3 is_stmt 1 view .LVU153
  49:Core/Src/tim.c ****   htim2.Init.AutoReloadPreload = TIM_AUTORELOAD_PRELOAD_DISABLE;
 540              		.loc 1 49 28 is_stmt 0 view .LVU154
 541 002c 0361     		str	r3, [r0, #16]
  50:Core/Src/tim.c ****   if (HAL_TIM_PWM_Init(&htim2) != HAL_OK)
 542              		.loc 1 50 3 is_stmt 1 view .LVU155
  50:Core/Src/tim.c ****   if (HAL_TIM_PWM_Init(&htim2) != HAL_OK)
 543              		.loc 1 50 32 is_stmt 0 view .LVU156
 544 002e 8361     		str	r3, [r0, #24]
  51:Core/Src/tim.c ****   {
 545              		.loc 1 51 3 is_stmt 1 view .LVU157
  51:Core/Src/tim.c ****   {
ARM GAS  C:\Users\BIRDs\AppData\Local\Temp\ccU7bPZe.s 			page 17


 546              		.loc 1 51 7 is_stmt 0 view .LVU158
 547 0030 FFF7FEFF 		bl	HAL_TIM_PWM_Init
 548              	.LVL19:
  51:Core/Src/tim.c ****   {
 549              		.loc 1 51 6 discriminator 1 view .LVU159
 550 0034 C8B9     		cbnz	r0, .L39
 551              	.L35:
  55:Core/Src/tim.c ****   sMasterConfig.MasterSlaveMode = TIM_MASTERSLAVEMODE_DISABLE;
 552              		.loc 1 55 3 is_stmt 1 view .LVU160
  55:Core/Src/tim.c ****   sMasterConfig.MasterSlaveMode = TIM_MASTERSLAVEMODE_DISABLE;
 553              		.loc 1 55 37 is_stmt 0 view .LVU161
 554 0036 0023     		movs	r3, #0
 555 0038 0793     		str	r3, [sp, #28]
  56:Core/Src/tim.c ****   if (HAL_TIMEx_MasterConfigSynchronization(&htim2, &sMasterConfig) != HAL_OK)
 556              		.loc 1 56 3 is_stmt 1 view .LVU162
  56:Core/Src/tim.c ****   if (HAL_TIMEx_MasterConfigSynchronization(&htim2, &sMasterConfig) != HAL_OK)
 557              		.loc 1 56 33 is_stmt 0 view .LVU163
 558 003a 0993     		str	r3, [sp, #36]
  57:Core/Src/tim.c ****   {
 559              		.loc 1 57 3 is_stmt 1 view .LVU164
  57:Core/Src/tim.c ****   {
 560              		.loc 1 57 7 is_stmt 0 view .LVU165
 561 003c 07A9     		add	r1, sp, #28
 562 003e 0F48     		ldr	r0, .L42
 563 0040 FFF7FEFF 		bl	HAL_TIMEx_MasterConfigSynchronization
 564              	.LVL20:
  57:Core/Src/tim.c ****   {
 565              		.loc 1 57 6 discriminator 1 view .LVU166
 566 0044 A0B9     		cbnz	r0, .L40
 567              	.L36:
  61:Core/Src/tim.c ****   sConfigOC.Pulse = 0;
 568              		.loc 1 61 3 is_stmt 1 view .LVU167
  61:Core/Src/tim.c ****   sConfigOC.Pulse = 0;
 569              		.loc 1 61 20 is_stmt 0 view .LVU168
 570 0046 6023     		movs	r3, #96
 571 0048 0093     		str	r3, [sp]
  62:Core/Src/tim.c ****   sConfigOC.OCPolarity = TIM_OCPOLARITY_HIGH;
 572              		.loc 1 62 3 is_stmt 1 view .LVU169
  62:Core/Src/tim.c ****   sConfigOC.OCPolarity = TIM_OCPOLARITY_HIGH;
 573              		.loc 1 62 19 is_stmt 0 view .LVU170
 574 004a 0023     		movs	r3, #0
 575 004c 0193     		str	r3, [sp, #4]
  63:Core/Src/tim.c ****   sConfigOC.OCFastMode = TIM_OCFAST_DISABLE;
 576              		.loc 1 63 3 is_stmt 1 view .LVU171
  63:Core/Src/tim.c ****   sConfigOC.OCFastMode = TIM_OCFAST_DISABLE;
 577              		.loc 1 63 24 is_stmt 0 view .LVU172
 578 004e 0293     		str	r3, [sp, #8]
  64:Core/Src/tim.c ****   if (HAL_TIM_PWM_ConfigChannel(&htim2, &sConfigOC, TIM_CHANNEL_2) != HAL_OK)
 579              		.loc 1 64 3 is_stmt 1 view .LVU173
  64:Core/Src/tim.c ****   if (HAL_TIM_PWM_ConfigChannel(&htim2, &sConfigOC, TIM_CHANNEL_2) != HAL_OK)
 580              		.loc 1 64 24 is_stmt 0 view .LVU174
 581 0050 0493     		str	r3, [sp, #16]
  65:Core/Src/tim.c ****   {
 582              		.loc 1 65 3 is_stmt 1 view .LVU175
  65:Core/Src/tim.c ****   {
 583              		.loc 1 65 7 is_stmt 0 view .LVU176
 584 0052 0422     		movs	r2, #4
ARM GAS  C:\Users\BIRDs\AppData\Local\Temp\ccU7bPZe.s 			page 18


 585 0054 6946     		mov	r1, sp
 586 0056 0948     		ldr	r0, .L42
 587 0058 FFF7FEFF 		bl	HAL_TIM_PWM_ConfigChannel
 588              	.LVL21:
  65:Core/Src/tim.c ****   {
 589              		.loc 1 65 6 discriminator 1 view .LVU177
 590 005c 58B9     		cbnz	r0, .L41
 591              	.L37:
  72:Core/Src/tim.c **** 
 592              		.loc 1 72 3 is_stmt 1 view .LVU178
 593 005e 0748     		ldr	r0, .L42
 594 0060 FFF7FEFF 		bl	HAL_TIM_MspPostInit
 595              	.LVL22:
  74:Core/Src/tim.c **** /* TIM3 init function */
 596              		.loc 1 74 1 is_stmt 0 view .LVU179
 597 0064 0BB0     		add	sp, sp, #44
 598              	.LCFI16:
 599              		.cfi_remember_state
 600              		.cfi_def_cfa_offset 4
 601              		@ sp needed
 602 0066 5DF804FB 		ldr	pc, [sp], #4
 603              	.L39:
 604              	.LCFI17:
 605              		.cfi_restore_state
  53:Core/Src/tim.c ****   }
 606              		.loc 1 53 5 is_stmt 1 view .LVU180
 607 006a FFF7FEFF 		bl	Error_Handler
 608              	.LVL23:
 609 006e E2E7     		b	.L35
 610              	.L40:
  59:Core/Src/tim.c ****   }
 611              		.loc 1 59 5 view .LVU181
 612 0070 FFF7FEFF 		bl	Error_Handler
 613              	.LVL24:
 614 0074 E7E7     		b	.L36
 615              	.L41:
  67:Core/Src/tim.c ****   }
 616              		.loc 1 67 5 view .LVU182
 617 0076 FFF7FEFF 		bl	Error_Handler
 618              	.LVL25:
 619 007a F0E7     		b	.L37
 620              	.L43:
 621              		.align	2
 622              	.L42:
 623 007c 00000000 		.word	htim2
 624              		.cfi_endproc
 625              	.LFE329:
 627              		.section	.text.MX_TIM3_Init,"ax",%progbits
 628              		.align	1
 629              		.global	MX_TIM3_Init
 630              		.syntax unified
 631              		.thumb
 632              		.thumb_func
 634              	MX_TIM3_Init:
 635              	.LFB330:
  77:Core/Src/tim.c **** 
 636              		.loc 1 77 1 view -0
ARM GAS  C:\Users\BIRDs\AppData\Local\Temp\ccU7bPZe.s 			page 19


 637              		.cfi_startproc
 638              		@ args = 0, pretend = 0, frame = 40
 639              		@ frame_needed = 0, uses_anonymous_args = 0
 640 0000 00B5     		push	{lr}
 641              	.LCFI18:
 642              		.cfi_def_cfa_offset 4
 643              		.cfi_offset 14, -4
 644 0002 8BB0     		sub	sp, sp, #44
 645              	.LCFI19:
 646              		.cfi_def_cfa_offset 48
  83:Core/Src/tim.c ****   TIM_OC_InitTypeDef sConfigOC = {0};
 647              		.loc 1 83 3 view .LVU184
  83:Core/Src/tim.c ****   TIM_OC_InitTypeDef sConfigOC = {0};
 648              		.loc 1 83 27 is_stmt 0 view .LVU185
 649 0004 0023     		movs	r3, #0
 650 0006 0793     		str	r3, [sp, #28]
 651 0008 0893     		str	r3, [sp, #32]
 652 000a 0993     		str	r3, [sp, #36]
  84:Core/Src/tim.c **** 
 653              		.loc 1 84 3 is_stmt 1 view .LVU186
  84:Core/Src/tim.c **** 
 654              		.loc 1 84 22 is_stmt 0 view .LVU187
 655 000c 0093     		str	r3, [sp]
 656 000e 0193     		str	r3, [sp, #4]
 657 0010 0293     		str	r3, [sp, #8]
 658 0012 0393     		str	r3, [sp, #12]
 659 0014 0493     		str	r3, [sp, #16]
 660 0016 0593     		str	r3, [sp, #20]
 661 0018 0693     		str	r3, [sp, #24]
  89:Core/Src/tim.c ****   htim3.Init.Prescaler = 8000-1;
 662              		.loc 1 89 3 is_stmt 1 view .LVU188
  89:Core/Src/tim.c ****   htim3.Init.Prescaler = 8000-1;
 663              		.loc 1 89 18 is_stmt 0 view .LVU189
 664 001a 2548     		ldr	r0, .L58
 665 001c 254A     		ldr	r2, .L58+4
 666 001e 0260     		str	r2, [r0]
  90:Core/Src/tim.c ****   htim3.Init.CounterMode = TIM_COUNTERMODE_UP;
 667              		.loc 1 90 3 is_stmt 1 view .LVU190
  90:Core/Src/tim.c ****   htim3.Init.CounterMode = TIM_COUNTERMODE_UP;
 668              		.loc 1 90 24 is_stmt 0 view .LVU191
 669 0020 41F63F72 		movw	r2, #7999
 670 0024 4260     		str	r2, [r0, #4]
  91:Core/Src/tim.c ****   htim3.Init.Period = 99;
 671              		.loc 1 91 3 is_stmt 1 view .LVU192
  91:Core/Src/tim.c ****   htim3.Init.Period = 99;
 672              		.loc 1 91 26 is_stmt 0 view .LVU193
 673 0026 8360     		str	r3, [r0, #8]
  92:Core/Src/tim.c ****   htim3.Init.ClockDivision = TIM_CLOCKDIVISION_DIV1;
 674              		.loc 1 92 3 is_stmt 1 view .LVU194
  92:Core/Src/tim.c ****   htim3.Init.ClockDivision = TIM_CLOCKDIVISION_DIV1;
 675              		.loc 1 92 21 is_stmt 0 view .LVU195
 676 0028 6322     		movs	r2, #99
 677 002a C260     		str	r2, [r0, #12]
  93:Core/Src/tim.c ****   htim3.Init.AutoReloadPreload = TIM_AUTORELOAD_PRELOAD_DISABLE;
 678              		.loc 1 93 3 is_stmt 1 view .LVU196
  93:Core/Src/tim.c ****   htim3.Init.AutoReloadPreload = TIM_AUTORELOAD_PRELOAD_DISABLE;
 679              		.loc 1 93 28 is_stmt 0 view .LVU197
ARM GAS  C:\Users\BIRDs\AppData\Local\Temp\ccU7bPZe.s 			page 20


 680 002c 0361     		str	r3, [r0, #16]
  94:Core/Src/tim.c ****   if (HAL_TIM_PWM_Init(&htim3) != HAL_OK)
 681              		.loc 1 94 3 is_stmt 1 view .LVU198
  94:Core/Src/tim.c ****   if (HAL_TIM_PWM_Init(&htim3) != HAL_OK)
 682              		.loc 1 94 32 is_stmt 0 view .LVU199
 683 002e 8361     		str	r3, [r0, #24]
  95:Core/Src/tim.c ****   {
 684              		.loc 1 95 3 is_stmt 1 view .LVU200
  95:Core/Src/tim.c ****   {
 685              		.loc 1 95 7 is_stmt 0 view .LVU201
 686 0030 FFF7FEFF 		bl	HAL_TIM_PWM_Init
 687              	.LVL26:
  95:Core/Src/tim.c ****   {
 688              		.loc 1 95 6 discriminator 1 view .LVU202
 689 0034 50BB     		cbnz	r0, .L52
 690              	.L45:
  99:Core/Src/tim.c ****   sMasterConfig.MasterSlaveMode = TIM_MASTERSLAVEMODE_DISABLE;
 691              		.loc 1 99 3 is_stmt 1 view .LVU203
  99:Core/Src/tim.c ****   sMasterConfig.MasterSlaveMode = TIM_MASTERSLAVEMODE_DISABLE;
 692              		.loc 1 99 37 is_stmt 0 view .LVU204
 693 0036 0023     		movs	r3, #0
 694 0038 0793     		str	r3, [sp, #28]
 100:Core/Src/tim.c ****   if (HAL_TIMEx_MasterConfigSynchronization(&htim3, &sMasterConfig) != HAL_OK)
 695              		.loc 1 100 3 is_stmt 1 view .LVU205
 100:Core/Src/tim.c ****   if (HAL_TIMEx_MasterConfigSynchronization(&htim3, &sMasterConfig) != HAL_OK)
 696              		.loc 1 100 33 is_stmt 0 view .LVU206
 697 003a 0993     		str	r3, [sp, #36]
 101:Core/Src/tim.c ****   {
 698              		.loc 1 101 3 is_stmt 1 view .LVU207
 101:Core/Src/tim.c ****   {
 699              		.loc 1 101 7 is_stmt 0 view .LVU208
 700 003c 07A9     		add	r1, sp, #28
 701 003e 1C48     		ldr	r0, .L58
 702 0040 FFF7FEFF 		bl	HAL_TIMEx_MasterConfigSynchronization
 703              	.LVL27:
 101:Core/Src/tim.c ****   {
 704              		.loc 1 101 6 discriminator 1 view .LVU209
 705 0044 28BB     		cbnz	r0, .L53
 706              	.L46:
 105:Core/Src/tim.c ****   sConfigOC.Pulse = 0;
 707              		.loc 1 105 3 is_stmt 1 view .LVU210
 105:Core/Src/tim.c ****   sConfigOC.Pulse = 0;
 708              		.loc 1 105 20 is_stmt 0 view .LVU211
 709 0046 6023     		movs	r3, #96
 710 0048 0093     		str	r3, [sp]
 106:Core/Src/tim.c ****   sConfigOC.OCPolarity = TIM_OCPOLARITY_HIGH;
 711              		.loc 1 106 3 is_stmt 1 view .LVU212
 106:Core/Src/tim.c ****   sConfigOC.OCPolarity = TIM_OCPOLARITY_HIGH;
 712              		.loc 1 106 19 is_stmt 0 view .LVU213
 713 004a 0022     		movs	r2, #0
 714 004c 0192     		str	r2, [sp, #4]
 107:Core/Src/tim.c ****   sConfigOC.OCFastMode = TIM_OCFAST_DISABLE;
 715              		.loc 1 107 3 is_stmt 1 view .LVU214
 107:Core/Src/tim.c ****   sConfigOC.OCFastMode = TIM_OCFAST_DISABLE;
 716              		.loc 1 107 24 is_stmt 0 view .LVU215
 717 004e 0292     		str	r2, [sp, #8]
 108:Core/Src/tim.c ****   if (HAL_TIM_PWM_ConfigChannel(&htim3, &sConfigOC, TIM_CHANNEL_1) != HAL_OK)
ARM GAS  C:\Users\BIRDs\AppData\Local\Temp\ccU7bPZe.s 			page 21


 718              		.loc 1 108 3 is_stmt 1 view .LVU216
 108:Core/Src/tim.c ****   if (HAL_TIM_PWM_ConfigChannel(&htim3, &sConfigOC, TIM_CHANNEL_1) != HAL_OK)
 719              		.loc 1 108 24 is_stmt 0 view .LVU217
 720 0050 0492     		str	r2, [sp, #16]
 109:Core/Src/tim.c ****   {
 721              		.loc 1 109 3 is_stmt 1 view .LVU218
 109:Core/Src/tim.c ****   {
 722              		.loc 1 109 7 is_stmt 0 view .LVU219
 723 0052 6946     		mov	r1, sp
 724 0054 1648     		ldr	r0, .L58
 725 0056 FFF7FEFF 		bl	HAL_TIM_PWM_ConfigChannel
 726              	.LVL28:
 109:Core/Src/tim.c ****   {
 727              		.loc 1 109 6 discriminator 1 view .LVU220
 728 005a E8B9     		cbnz	r0, .L54
 729              	.L47:
 113:Core/Src/tim.c ****   {
 730              		.loc 1 113 3 is_stmt 1 view .LVU221
 113:Core/Src/tim.c ****   {
 731              		.loc 1 113 7 is_stmt 0 view .LVU222
 732 005c 0422     		movs	r2, #4
 733 005e 6946     		mov	r1, sp
 734 0060 1348     		ldr	r0, .L58
 735 0062 FFF7FEFF 		bl	HAL_TIM_PWM_ConfigChannel
 736              	.LVL29:
 113:Core/Src/tim.c ****   {
 737              		.loc 1 113 6 discriminator 1 view .LVU223
 738 0066 D0B9     		cbnz	r0, .L55
 739              	.L48:
 117:Core/Src/tim.c ****   {
 740              		.loc 1 117 3 is_stmt 1 view .LVU224
 117:Core/Src/tim.c ****   {
 741              		.loc 1 117 7 is_stmt 0 view .LVU225
 742 0068 0822     		movs	r2, #8
 743 006a 6946     		mov	r1, sp
 744 006c 1048     		ldr	r0, .L58
 745 006e FFF7FEFF 		bl	HAL_TIM_PWM_ConfigChannel
 746              	.LVL30:
 117:Core/Src/tim.c ****   {
 747              		.loc 1 117 6 discriminator 1 view .LVU226
 748 0072 B8B9     		cbnz	r0, .L56
 749              	.L49:
 121:Core/Src/tim.c ****   {
 750              		.loc 1 121 3 is_stmt 1 view .LVU227
 121:Core/Src/tim.c ****   {
 751              		.loc 1 121 7 is_stmt 0 view .LVU228
 752 0074 0C22     		movs	r2, #12
 753 0076 6946     		mov	r1, sp
 754 0078 0D48     		ldr	r0, .L58
 755 007a FFF7FEFF 		bl	HAL_TIM_PWM_ConfigChannel
 756              	.LVL31:
 121:Core/Src/tim.c ****   {
 757              		.loc 1 121 6 discriminator 1 view .LVU229
 758 007e A0B9     		cbnz	r0, .L57
 759              	.L50:
 128:Core/Src/tim.c **** 
 760              		.loc 1 128 3 is_stmt 1 view .LVU230
ARM GAS  C:\Users\BIRDs\AppData\Local\Temp\ccU7bPZe.s 			page 22


 761 0080 0B48     		ldr	r0, .L58
 762 0082 FFF7FEFF 		bl	HAL_TIM_MspPostInit
 763              	.LVL32:
 130:Core/Src/tim.c **** /* TIM7 init function */
 764              		.loc 1 130 1 is_stmt 0 view .LVU231
 765 0086 0BB0     		add	sp, sp, #44
 766              	.LCFI20:
 767              		.cfi_remember_state
 768              		.cfi_def_cfa_offset 4
 769              		@ sp needed
 770 0088 5DF804FB 		ldr	pc, [sp], #4
 771              	.L52:
 772              	.LCFI21:
 773              		.cfi_restore_state
  97:Core/Src/tim.c ****   }
 774              		.loc 1 97 5 is_stmt 1 view .LVU232
 775 008c FFF7FEFF 		bl	Error_Handler
 776              	.LVL33:
 777 0090 D1E7     		b	.L45
 778              	.L53:
 103:Core/Src/tim.c ****   }
 779              		.loc 1 103 5 view .LVU233
 780 0092 FFF7FEFF 		bl	Error_Handler
 781              	.LVL34:
 782 0096 D6E7     		b	.L46
 783              	.L54:
 111:Core/Src/tim.c ****   }
 784              		.loc 1 111 5 view .LVU234
 785 0098 FFF7FEFF 		bl	Error_Handler
 786              	.LVL35:
 787 009c DEE7     		b	.L47
 788              	.L55:
 115:Core/Src/tim.c ****   }
 789              		.loc 1 115 5 view .LVU235
 790 009e FFF7FEFF 		bl	Error_Handler
 791              	.LVL36:
 792 00a2 E1E7     		b	.L48
 793              	.L56:
 119:Core/Src/tim.c ****   }
 794              		.loc 1 119 5 view .LVU236
 795 00a4 FFF7FEFF 		bl	Error_Handler
 796              	.LVL37:
 797 00a8 E4E7     		b	.L49
 798              	.L57:
 123:Core/Src/tim.c ****   }
 799              		.loc 1 123 5 view .LVU237
 800 00aa FFF7FEFF 		bl	Error_Handler
 801              	.LVL38:
 802 00ae E7E7     		b	.L50
 803              	.L59:
 804              		.align	2
 805              	.L58:
 806 00b0 00000000 		.word	htim3
 807 00b4 00040040 		.word	1073742848
 808              		.cfi_endproc
 809              	.LFE330:
 811              		.section	.text.HAL_TIM_PWM_MspDeInit,"ax",%progbits
ARM GAS  C:\Users\BIRDs\AppData\Local\Temp\ccU7bPZe.s 			page 23


 812              		.align	1
 813              		.global	HAL_TIM_PWM_MspDeInit
 814              		.syntax unified
 815              		.thumb
 816              		.thumb_func
 818              	HAL_TIM_PWM_MspDeInit:
 819              	.LVL39:
 820              	.LFB335:
 277:Core/Src/tim.c **** 
 278:Core/Src/tim.c **** void HAL_TIM_PWM_MspDeInit(TIM_HandleTypeDef* tim_pwmHandle)
 279:Core/Src/tim.c **** {
 821              		.loc 1 279 1 view -0
 822              		.cfi_startproc
 823              		@ args = 0, pretend = 0, frame = 0
 824              		@ frame_needed = 0, uses_anonymous_args = 0
 825              		@ link register save eliminated.
 280:Core/Src/tim.c **** 
 281:Core/Src/tim.c ****   if(tim_pwmHandle->Instance==TIM2)
 826              		.loc 1 281 3 view .LVU239
 827              		.loc 1 281 19 is_stmt 0 view .LVU240
 828 0000 0368     		ldr	r3, [r0]
 829              		.loc 1 281 5 view .LVU241
 830 0002 B3F1804F 		cmp	r3, #1073741824
 831 0006 03D0     		beq	.L63
 282:Core/Src/tim.c ****   {
 283:Core/Src/tim.c ****   /* USER CODE BEGIN TIM2_MspDeInit 0 */
 284:Core/Src/tim.c **** 
 285:Core/Src/tim.c ****   /* USER CODE END TIM2_MspDeInit 0 */
 286:Core/Src/tim.c ****     /* Peripheral clock disable */
 287:Core/Src/tim.c ****     __HAL_RCC_TIM2_CLK_DISABLE();
 288:Core/Src/tim.c ****   /* USER CODE BEGIN TIM2_MspDeInit 1 */
 289:Core/Src/tim.c **** 
 290:Core/Src/tim.c ****   /* USER CODE END TIM2_MspDeInit 1 */
 291:Core/Src/tim.c ****   }
 292:Core/Src/tim.c ****   else if(tim_pwmHandle->Instance==TIM3)
 832              		.loc 1 292 8 is_stmt 1 view .LVU242
 833              		.loc 1 292 10 is_stmt 0 view .LVU243
 834 0008 084A     		ldr	r2, .L65
 835 000a 9342     		cmp	r3, r2
 836 000c 06D0     		beq	.L64
 837              	.L60:
 293:Core/Src/tim.c ****   {
 294:Core/Src/tim.c ****   /* USER CODE BEGIN TIM3_MspDeInit 0 */
 295:Core/Src/tim.c **** 
 296:Core/Src/tim.c ****   /* USER CODE END TIM3_MspDeInit 0 */
 297:Core/Src/tim.c ****     /* Peripheral clock disable */
 298:Core/Src/tim.c ****     __HAL_RCC_TIM3_CLK_DISABLE();
 299:Core/Src/tim.c ****   /* USER CODE BEGIN TIM3_MspDeInit 1 */
 300:Core/Src/tim.c **** 
 301:Core/Src/tim.c ****   /* USER CODE END TIM3_MspDeInit 1 */
 302:Core/Src/tim.c ****   }
 303:Core/Src/tim.c **** }
 838              		.loc 1 303 1 view .LVU244
 839 000e 7047     		bx	lr
 840              	.L63:
 287:Core/Src/tim.c ****   /* USER CODE BEGIN TIM2_MspDeInit 1 */
 841              		.loc 1 287 5 is_stmt 1 view .LVU245
ARM GAS  C:\Users\BIRDs\AppData\Local\Temp\ccU7bPZe.s 			page 24


 842 0010 074A     		ldr	r2, .L65+4
 843 0012 936D     		ldr	r3, [r2, #88]
 844 0014 23F00103 		bic	r3, r3, #1
 845 0018 9365     		str	r3, [r2, #88]
 846 001a 7047     		bx	lr
 847              	.L64:
 298:Core/Src/tim.c ****   /* USER CODE BEGIN TIM3_MspDeInit 1 */
 848              		.loc 1 298 5 view .LVU246
 849 001c 02F50332 		add	r2, r2, #134144
 850 0020 936D     		ldr	r3, [r2, #88]
 851 0022 23F00203 		bic	r3, r3, #2
 852 0026 9365     		str	r3, [r2, #88]
 853              		.loc 1 303 1 is_stmt 0 view .LVU247
 854 0028 F1E7     		b	.L60
 855              	.L66:
 856 002a 00BF     		.align	2
 857              	.L65:
 858 002c 00040040 		.word	1073742848
 859 0030 00100240 		.word	1073876992
 860              		.cfi_endproc
 861              	.LFE335:
 863              		.section	.text.HAL_TIM_Base_MspDeInit,"ax",%progbits
 864              		.align	1
 865              		.global	HAL_TIM_Base_MspDeInit
 866              		.syntax unified
 867              		.thumb
 868              		.thumb_func
 870              	HAL_TIM_Base_MspDeInit:
 871              	.LVL40:
 872              	.LFB336:
 304:Core/Src/tim.c **** 
 305:Core/Src/tim.c **** void HAL_TIM_Base_MspDeInit(TIM_HandleTypeDef* tim_baseHandle)
 306:Core/Src/tim.c **** {
 873              		.loc 1 306 1 is_stmt 1 view -0
 874              		.cfi_startproc
 875              		@ args = 0, pretend = 0, frame = 0
 876              		@ frame_needed = 0, uses_anonymous_args = 0
 877              		.loc 1 306 1 is_stmt 0 view .LVU249
 878 0000 08B5     		push	{r3, lr}
 879              	.LCFI22:
 880              		.cfi_def_cfa_offset 8
 881              		.cfi_offset 3, -8
 882              		.cfi_offset 14, -4
 307:Core/Src/tim.c **** 
 308:Core/Src/tim.c ****   if(tim_baseHandle->Instance==TIM7)
 883              		.loc 1 308 3 is_stmt 1 view .LVU250
 884              		.loc 1 308 20 is_stmt 0 view .LVU251
 885 0002 0268     		ldr	r2, [r0]
 886              		.loc 1 308 5 view .LVU252
 887 0004 064B     		ldr	r3, .L71
 888 0006 9A42     		cmp	r2, r3
 889 0008 00D0     		beq	.L70
 890              	.LVL41:
 891              	.L67:
 309:Core/Src/tim.c ****   {
 310:Core/Src/tim.c ****   /* USER CODE BEGIN TIM7_MspDeInit 0 */
 311:Core/Src/tim.c **** 
ARM GAS  C:\Users\BIRDs\AppData\Local\Temp\ccU7bPZe.s 			page 25


 312:Core/Src/tim.c ****   /* USER CODE END TIM7_MspDeInit 0 */
 313:Core/Src/tim.c ****     /* Peripheral clock disable */
 314:Core/Src/tim.c ****     __HAL_RCC_TIM7_CLK_DISABLE();
 315:Core/Src/tim.c **** 
 316:Core/Src/tim.c ****     /* TIM7 interrupt Deinit */
 317:Core/Src/tim.c ****     HAL_NVIC_DisableIRQ(TIM7_IRQn);
 318:Core/Src/tim.c ****   /* USER CODE BEGIN TIM7_MspDeInit 1 */
 319:Core/Src/tim.c **** 
 320:Core/Src/tim.c ****   /* USER CODE END TIM7_MspDeInit 1 */
 321:Core/Src/tim.c ****   }
 322:Core/Src/tim.c **** }
 892              		.loc 1 322 1 view .LVU253
 893 000a 08BD     		pop	{r3, pc}
 894              	.LVL42:
 895              	.L70:
 314:Core/Src/tim.c **** 
 896              		.loc 1 314 5 is_stmt 1 view .LVU254
 897 000c 054A     		ldr	r2, .L71+4
 898 000e 936D     		ldr	r3, [r2, #88]
 899 0010 23F02003 		bic	r3, r3, #32
 900 0014 9365     		str	r3, [r2, #88]
 317:Core/Src/tim.c ****   /* USER CODE BEGIN TIM7_MspDeInit 1 */
 901              		.loc 1 317 5 view .LVU255
 902 0016 3720     		movs	r0, #55
 903              	.LVL43:
 317:Core/Src/tim.c ****   /* USER CODE BEGIN TIM7_MspDeInit 1 */
 904              		.loc 1 317 5 is_stmt 0 view .LVU256
 905 0018 FFF7FEFF 		bl	HAL_NVIC_DisableIRQ
 906              	.LVL44:
 907              		.loc 1 322 1 view .LVU257
 908 001c F5E7     		b	.L67
 909              	.L72:
 910 001e 00BF     		.align	2
 911              	.L71:
 912 0020 00140040 		.word	1073746944
 913 0024 00100240 		.word	1073876992
 914              		.cfi_endproc
 915              	.LFE336:
 917              		.global	htim7
 918              		.section	.bss.htim7,"aw",%nobits
 919              		.align	2
 922              	htim7:
 923 0000 00000000 		.space	76
 923      00000000 
 923      00000000 
 923      00000000 
 923      00000000 
 924              		.global	htim3
 925              		.section	.bss.htim3,"aw",%nobits
 926              		.align	2
 929              	htim3:
 930 0000 00000000 		.space	76
 930      00000000 
 930      00000000 
 930      00000000 
 930      00000000 
 931              		.global	htim2
ARM GAS  C:\Users\BIRDs\AppData\Local\Temp\ccU7bPZe.s 			page 26


 932              		.section	.bss.htim2,"aw",%nobits
 933              		.align	2
 936              	htim2:
 937 0000 00000000 		.space	76
 937      00000000 
 937      00000000 
 937      00000000 
 937      00000000 
 938              		.text
 939              	.Letext0:
 940              		.file 2 "Drivers/CMSIS/Device/ST/STM32G4xx/Include/stm32g431xx.h"
 941              		.file 3 "E:/VSCODE_TOOL/Arm_gnu/13.3 rel1/arm-none-eabi/include/machine/_default_types.h"
 942              		.file 4 "E:/VSCODE_TOOL/Arm_gnu/13.3 rel1/arm-none-eabi/include/sys/_stdint.h"
 943              		.file 5 "Drivers/STM32G4xx_HAL_Driver/Inc/stm32g4xx_hal_def.h"
 944              		.file 6 "Drivers/STM32G4xx_HAL_Driver/Inc/stm32g4xx_hal_gpio.h"
 945              		.file 7 "Drivers/STM32G4xx_HAL_Driver/Inc/stm32g4xx_hal_dma.h"
 946              		.file 8 "Drivers/STM32G4xx_HAL_Driver/Inc/stm32g4xx_hal_tim.h"
 947              		.file 9 "Core/Inc/tim.h"
 948              		.file 10 "Drivers/STM32G4xx_HAL_Driver/Inc/stm32g4xx_hal_cortex.h"
 949              		.file 11 "Drivers/STM32G4xx_HAL_Driver/Inc/stm32g4xx_hal_tim_ex.h"
 950              		.file 12 "Core/Inc/main.h"
ARM GAS  C:\Users\BIRDs\AppData\Local\Temp\ccU7bPZe.s 			page 27


DEFINED SYMBOLS
                            *ABS*:00000000 tim.c
C:\Users\BIRDs\AppData\Local\Temp\ccU7bPZe.s:21     .text.MX_TIM7_Init:00000000 $t
C:\Users\BIRDs\AppData\Local\Temp\ccU7bPZe.s:27     .text.MX_TIM7_Init:00000000 MX_TIM7_Init
C:\Users\BIRDs\AppData\Local\Temp\ccU7bPZe.s:111    .text.MX_TIM7_Init:00000048 $d
C:\Users\BIRDs\AppData\Local\Temp\ccU7bPZe.s:922    .bss.htim7:00000000 htim7
C:\Users\BIRDs\AppData\Local\Temp\ccU7bPZe.s:117    .text.HAL_TIM_PWM_MspInit:00000000 $t
C:\Users\BIRDs\AppData\Local\Temp\ccU7bPZe.s:123    .text.HAL_TIM_PWM_MspInit:00000000 HAL_TIM_PWM_MspInit
C:\Users\BIRDs\AppData\Local\Temp\ccU7bPZe.s:196    .text.HAL_TIM_PWM_MspInit:00000044 $d
C:\Users\BIRDs\AppData\Local\Temp\ccU7bPZe.s:202    .text.HAL_TIM_Base_MspInit:00000000 $t
C:\Users\BIRDs\AppData\Local\Temp\ccU7bPZe.s:208    .text.HAL_TIM_Base_MspInit:00000000 HAL_TIM_Base_MspInit
C:\Users\BIRDs\AppData\Local\Temp\ccU7bPZe.s:269    .text.HAL_TIM_Base_MspInit:0000003c $d
C:\Users\BIRDs\AppData\Local\Temp\ccU7bPZe.s:274    .text.HAL_TIM_MspPostInit:00000000 $t
C:\Users\BIRDs\AppData\Local\Temp\ccU7bPZe.s:280    .text.HAL_TIM_MspPostInit:00000000 HAL_TIM_MspPostInit
C:\Users\BIRDs\AppData\Local\Temp\ccU7bPZe.s:482    .text.HAL_TIM_MspPostInit:000000c8 $d
C:\Users\BIRDs\AppData\Local\Temp\ccU7bPZe.s:490    .text.MX_TIM2_Init:00000000 $t
C:\Users\BIRDs\AppData\Local\Temp\ccU7bPZe.s:496    .text.MX_TIM2_Init:00000000 MX_TIM2_Init
C:\Users\BIRDs\AppData\Local\Temp\ccU7bPZe.s:623    .text.MX_TIM2_Init:0000007c $d
C:\Users\BIRDs\AppData\Local\Temp\ccU7bPZe.s:936    .bss.htim2:00000000 htim2
C:\Users\BIRDs\AppData\Local\Temp\ccU7bPZe.s:628    .text.MX_TIM3_Init:00000000 $t
C:\Users\BIRDs\AppData\Local\Temp\ccU7bPZe.s:634    .text.MX_TIM3_Init:00000000 MX_TIM3_Init
C:\Users\BIRDs\AppData\Local\Temp\ccU7bPZe.s:806    .text.MX_TIM3_Init:000000b0 $d
C:\Users\BIRDs\AppData\Local\Temp\ccU7bPZe.s:929    .bss.htim3:00000000 htim3
C:\Users\BIRDs\AppData\Local\Temp\ccU7bPZe.s:812    .text.HAL_TIM_PWM_MspDeInit:00000000 $t
C:\Users\BIRDs\AppData\Local\Temp\ccU7bPZe.s:818    .text.HAL_TIM_PWM_MspDeInit:00000000 HAL_TIM_PWM_MspDeInit
C:\Users\BIRDs\AppData\Local\Temp\ccU7bPZe.s:858    .text.HAL_TIM_PWM_MspDeInit:0000002c $d
C:\Users\BIRDs\AppData\Local\Temp\ccU7bPZe.s:864    .text.HAL_TIM_Base_MspDeInit:00000000 $t
C:\Users\BIRDs\AppData\Local\Temp\ccU7bPZe.s:870    .text.HAL_TIM_Base_MspDeInit:00000000 HAL_TIM_Base_MspDeInit
C:\Users\BIRDs\AppData\Local\Temp\ccU7bPZe.s:912    .text.HAL_TIM_Base_MspDeInit:00000020 $d
C:\Users\BIRDs\AppData\Local\Temp\ccU7bPZe.s:919    .bss.htim7:00000000 $d
C:\Users\BIRDs\AppData\Local\Temp\ccU7bPZe.s:926    .bss.htim3:00000000 $d
C:\Users\BIRDs\AppData\Local\Temp\ccU7bPZe.s:933    .bss.htim2:00000000 $d

UNDEFINED SYMBOLS
HAL_TIM_Base_Init
HAL_TIMEx_MasterConfigSynchronization
Error_Handler
HAL_NVIC_SetPriority
HAL_NVIC_EnableIRQ
HAL_GPIO_Init
HAL_TIM_PWM_Init
HAL_TIM_PWM_ConfigChannel
HAL_NVIC_DisableIRQ
